#
# A fatal error has been detected by the Java Runtime Environment:
#
#  SIGSEGV (0xb) at pc=0x000000011e0e35dd, pid=70865, tid=775
#
# JRE version: Java(TM) SE Runtime Environment (8.0_40-b27) (build 1.8.0_40-b27)
# Java VM: Java HotSpot(TM) 64-Bit Server VM (25.40-b25 mixed mode bsd-amd64 compressed oops)
# Problematic frame:
# C  [libglass.dylib+0x155dd]  GlassScreenDidChangeScreenParameters+0x9d
#
# Failed to write core dump. Core dumps have been disabled. To enable core dumping, try "ulimit -c unlimited" before starting Java again
#
# If you would like to submit a bug report, please visit:
#   http://bugreport.java.com/bugreport/crash.jsp
#

---------------  T H R E A D  ---------------

Current thread is native thread

siginfo: si_signo: 11 (SIGSEGV), si_code: 1 (SEGV_MAPERR), si_addr: 0x0000000000000000

Registers:
RAX=0x000000011e115bc0, RBX=0x0000000000000000, RCX=0x0000000000000103, RDX=0x00007f87f4650c68
RSP=0x00007fff58e1f9a0, RBP=0x00007fff58e1f9b0, RSI=0x00007f87f46092d0, RDI=0x0000000000000000
R8 =0x0000000000000040, R9 =0x00007ffff1b26040, R10=0xffffffffffffffff, R11=0x0000000000012068
R12=0x0000000000000000, R13=0x00007f87f4650a40, R14=0x00007f87f4687f60, R15=0x0000000000000000
RIP=0x000000011e0e35dd, EFLAGS=0x0000000000010202, ERR=0x0000000000000004
  TRAPNO=0x000000000000000e

Top of Stack: (sp=0x00007fff58e1f9a0)
0x00007fff58e1f9a0:   00007f87f4650b00 00007f87f4687f60
0x00007fff58e1f9b0:   00007fff58e1f9c0 00007fffd3d6e59c
0x00007fff58e1f9c0:   00007fff58e1fa30 00007fffd3d6e49b
0x00007fff58e1f9d0:   0000000106df9000 00007ffff1b21060
0x00007fff58e1f9e0:   00000000c2000000 00007fffd3d6e4f0
0x00007fff58e1f9f0:   00007fffee504680 00007f87f4650a40
0x00007fff58e1fa00:   00007f87f4687f60 00007fff58e201f8
0x00007fff58e1fa10:   00007fffe8536b40 00007fff58e1fb00
0x00007fff58e1fa20:   00007f87f4650a40 00007fffd251e631
0x00007fff58e1fa30:   00007fff58e1fa70 00007fffd3d6e202
0x00007fff58e1fa40:   00007fff58e20040 0000000000000000
0x00007fff58e1fa50:   00007fffe8536b40 00007fff58e1fb00
0x00007fff58e1fa60:   00007fff58e201f8 00007fffd251e631
0x00007fff58e1fa70:   00007fff58e20190 00007fffd3d2b903
0x00007fff58e1fa80:   00007fff58e1faa0 00007fffd3cedb20
0x00007fff58e1fa90:   00007f87f443e1e0 00007fff58e200e0
0x00007fff58e1faa0:   00007f87f4511a30 00007fffee505cb0
0x00007fff58e1fab0:   0000000000000000 00007f87f5106048
0x00007fff58e1fac0:   00007f87f4511a01 00007f87f473f900
0x00007fff58e1fad0:   00007fffee637f70 0000000000000000
0x00007fff58e1fae0:   00007f87f4650b30 0000000000000000
0x00007fff58e1faf0:   0000000000000000 00007fffee5448a0
0x00007fff58e1fb00:   00007fff58e20040 0000000000000001
0x00007fff58e1fb10:   0000000000000100 00007fff58e1fb00
0x00007fff58e1fb20:   00007fff58e1ff40 0000000000000000
0x00007fff58e1fb30:   0000000000000100 00007fffee545e00
0x00007fff58e1fb40:   00007fff58e200e0 0000000000000001
0x00007fff58e1fb50:   00007fff58e1fb90 00007fffd3d265ac
0x00007fff58e1fb60:   000000000000000d 00007f87f443e1e0
0x00007fff58e1fb70:   00007f87f443e1e0 00007fffee545e20
0x00007fff58e1fb80:   00007f87f4700130 0000000000000001
0x00007fff58e1fb90:   00007fff58e20210 00007fffd3d260c9 

Instructions: (pc=0x000000011e0e35dd)
0x000000011e0e35bd:   89 df 4c 89 f1 41 ff 90 68 04 00 00 48 8d 05 f8
0x000000011e0e35cd:   24 03 00 48 8b 30 48 8d 05 e6 25 03 00 48 8b 10
0x000000011e0e35dd:   48 8b 0b 30 c0 48 89 df ff 91 68 04 00 00 48 8b
0x000000011e0e35ed:   03 48 89 df ff 50 78 48 85 c0 74 36 49 89 c6 48 

Register to memory mapping:

RAX=0x000000011e115bc0: jScreenNotifySettingsChanged+0 in /Library/Java/JavaVirtualMachines/jdk1.8.0_40.jdk/Contents/Home/jre/lib/libglass.dylib at 0x000000011e0ce000
RBX=0x0000000000000000 is an unknown value
RCX=0x0000000000000103 is an unknown value
RDX=0x00007f87f4650c68 is an unknown value
RSP=0x00007fff58e1f9a0 is an unknown value
RBP=0x00007fff58e1f9b0 is an unknown value
RSI=0x00007f87f46092d0 is a global jni handle
RDI=0x0000000000000000 is an unknown value
R8 =0x0000000000000040 is an unknown value
R9 =0x00007ffff1b26040: __sFX+0x1c0 in /usr/lib/system/libsystem_c.dylib at 0x00007fffe8e58000
R10=0xffffffffffffffff is an unknown value
R11=0x0000000000012068 is an unknown value
R12=0x0000000000000000 is an unknown value
R13=0x00007f87f4650a40 is an unknown value
R14=0x00007f87f4687f60 is an unknown value
R15=0x0000000000000000 is an unknown value


Stack: [0x00007fff58623000,0x00007fff58e23000],  sp=0x00007fff58e1f9a0,  free space=8178k
Native frames: (J=compiled Java code, j=interpreted, Vv=VM code, C=native code)
C  [libglass.dylib+0x155dd]  GlassScreenDidChangeScreenParameters+0x9d
C  [CoreFoundation+0x9d59c]  __CFNOTIFICATIONCENTER_IS_CALLING_OUT_TO_AN_OBSERVER__+0xc
C  [CoreFoundation+0x9d49b]  _CFXRegistrationPost+0x1ab
C  [CoreFoundation+0x9d202]  ___CFXNotificationPost_block_invoke+0x32
C  [CoreFoundation+0x5a903]  -[_CFXNotificationRegistrar find:object:observer:enumerator:]+0x723
C  [CoreFoundation+0x5993c]  _CFXNotificationPost+0x25c
C  [Foundation+0x70e3]  -[NSNotificationCenter postNotificationName:object:userInfo:]+0x42
C  [AppKit+0x3f01c6]  -[NSApplication _reactToScreenInvalidationImmediately:]+0x18f
C  [AppKit+0x3f0003]  __44-[NSApplication _reactToScreenInvalidation:]_block_invoke+0x3b
C  [CoreFoundation+0xa730c]  __CFRUNLOOP_IS_CALLING_OUT_TO_A_BLOCK__+0xc
C  [CoreFoundation+0x88384]  __CFRunLoopDoBlocks+0x164
C  [CoreFoundation+0x87ec6]  __CFRunLoopRun+0x756
C  [CoreFoundation+0x87514]  CFRunLoopRunSpecific+0x1a4
C  [java+0x6490]  CreateExecutionEnvironment+0x367
C  [java+0x221c]  JLI_Launch+0x7a0
C  [java+0x84ed]  main+0x65
C  [java+0x1a74]  start+0x34


---------------  P R O C E S S  ---------------

VM state:at safepoint (normal execution)

VM Mutex/Monitor currently owned by a thread:  ([mutex/lock_event])
[0x00007f87f46027a0] Threads_lock - owner thread: 0x00007f87f4802800
[0x00007f87f4602ca0] Heap_lock - owner thread: 0x00007f87f4998000

Heap:
 PSYoungGen      total 35328K, used 25575K [0x00000007aab00000, 0x00000007b1a00000, 0x00000007c0000000)
  eden space 32768K, 78% used [0x00000007aab00000,0x00000007ac3f9cb8,0x00000007acb00000)
  from space 2560K, 0% used [0x00000007acb00000,0x00000007acb00000,0x00000007acd80000)
  to   space 28672K, 0% used [0x00000007afe00000,0x00000007afe00000,0x00000007b1a00000)
 ParOldGen       total 116736K, used 74100K [0x0000000780000000, 0x0000000787200000, 0x00000007aab00000)
  object space 116736K, 63% used [0x0000000780000000,0x000000078485d2d0,0x0000000787200000)
 Metaspace       used 15332K, capacity 16020K, committed 16256K, reserved 1062912K
  class space    used 2181K, capacity 2360K, committed 2432K, reserved 1048576K

Card table byte_map: [0x0000000108bc0000,0x0000000108dc1000] byte_map_base: 0x0000000104fc0000

Marking Bits: (ParMarkBitMap*) 0x000000010771c7a0
 Begin Bits: [0x0000000108dc1000, 0x0000000109dc1000)
 End Bits:   [0x0000000109dc1000, 0x000000010adc1000)

Polling page: 0x0000000107e06000

CodeCache: size=245760Kb used=7244Kb max_used=7244Kb free=238515Kb
 bounds [0x000000010b0a9000, 0x000000010b7c9000, 0x000000011a0a9000]
 total_blobs=3026 nmethods=2375 adapters=563
 compilation: enabled

Compilation events (10 events):
Event: 348.380 Thread 0x00007f87f480d800 2377       3       java.lang.invoke.DirectMethodHandle::shouldBeInitialized (123 bytes)
Event: 348.381 Thread 0x00007f87f480d800 nmethod 2377 0x000000010b7b2050 code [0x000000010b7b2220, 0x000000010b7b2948]
Event: 348.381 Thread 0x00007f87f480d800 2378       3       jdk.internal.org.objectweb.asm.MethodWriter::visitTypeInsn (110 bytes)
Event: 348.383 Thread 0x00007f87f480d800 nmethod 2378 0x000000010b7bea10 code [0x000000010b7bebc0, 0x000000010b7bf008]
Event: 348.385 Thread 0x00007f87f480d800 2379       3       java.lang.invoke.MemberName::checkForTypeAlias (180 bytes)
Event: 348.390 Thread 0x00007f87f480d800 nmethod 2379 0x000000010b7bb150 code [0x000000010b7bb540, 0x000000010b7bdbd8]
Event: 348.401 Thread 0x00007f87f480d800 2380       3       jdk.internal.org.objectweb.asm.MethodVisitor::visitVarInsn (17 bytes)
Event: 348.401 Thread 0x00007f87f480d800 nmethod 2380 0x000000010b7bac90 code [0x000000010b7bae00, 0x000000010b7bb068]
Event: 348.402 Thread 0x00007f87f480d800 2381       3       com.sun.javafx.tk.Toolkit::isFxUserThread (15 bytes)
Event: 348.402 Thread 0x00007f87f480d800 nmethod 2381 0x000000010b7b1c90 code [0x000000010b7b1e00, 0x000000010b7b1fd0]

GC Heap History (10 events):
Event: 0.884 GC heap before
{Heap before GC invocations=3 (full 0):
 PSYoungGen      total 18944K, used 18941K [0x00000007aab00000, 0x00000007ad000000, 0x00000007c0000000)
  eden space 16384K, 100% used [0x00000007aab00000,0x00000007abb00000,0x00000007abb00000)
  from space 2560K, 99% used [0x00000007abd80000,0x00000007abfff4a0,0x00000007ac000000)
  to   space 2560K, 0% used [0x00000007abb00000,0x00000007abb00000,0x00000007abd80000)
 ParOldGen       total 44032K, used 22134K [0x0000000780000000, 0x0000000782b00000, 0x00000007aab00000)
  object space 44032K, 50% used [0x0000000780000000,0x000000078159dbf0,0x0000000782b00000)
 Metaspace       used 7074K, capacity 7376K, committed 7552K, reserved 1056768K
  class space    used 794K, capacity 886K, committed 896K, reserved 1048576K
Event: 0.895 GC heap after
Heap after GC invocations=3 (full 0):
 PSYoungGen      total 18944K, used 2546K [0x00000007aab00000, 0x00000007ad000000, 0x00000007c0000000)
  eden space 16384K, 0% used [0x00000007aab00000,0x00000007aab00000,0x00000007abb00000)
  from space 2560K, 99% used [0x00000007abb00000,0x00000007abd7c8d0,0x00000007abd80000)
  to   space 2560K, 0% used [0x00000007acd80000,0x00000007acd80000,0x00000007ad000000)
 ParOldGen       total 44032K, used 38478K [0x0000000780000000, 0x0000000782b00000, 0x00000007aab00000)
  object space 44032K, 87% used [0x0000000780000000,0x0000000782593a20,0x0000000782b00000)
 Metaspace       used 7074K, capacity 7376K, committed 7552K, reserved 1056768K
  class space    used 794K, capacity 886K, committed 896K, reserved 1048576K
}
Event: 0.895 GC heap before
{Heap before GC invocations=4 (full 1):
 PSYoungGen      total 18944K, used 2546K [0x00000007aab00000, 0x00000007ad000000, 0x00000007c0000000)
  eden space 16384K, 0% used [0x00000007aab00000,0x00000007aab00000,0x00000007abb00000)
  from space 2560K, 99% used [0x00000007abb00000,0x00000007abd7c8d0,0x00000007abd80000)
  to   space 2560K, 0% used [0x00000007acd80000,0x00000007acd80000,0x00000007ad000000)
 ParOldGen       total 44032K, used 38478K [0x0000000780000000, 0x0000000782b00000, 0x00000007aab00000)
  object space 44032K, 87% used [0x0000000780000000,0x0000000782593a20,0x0000000782b00000)
 Metaspace       used 7074K, capacity 7376K, committed 7552K, reserved 1056768K
  class space    used 794K, capacity 886K, committed 896K, reserved 1048576K
Event: 0.949 GC heap after
Heap after GC invocations=4 (full 1):
 PSYoungGen      total 18944K, used 0K [0x00000007aab00000, 0x00000007ad000000, 0x00000007c0000000)
  eden space 16384K, 0% used [0x00000007aab00000,0x00000007aab00000,0x00000007abb00000)
  from space 2560K, 0% used [0x00000007abb00000,0x00000007abb00000,0x00000007abd80000)
  to   space 2560K, 0% used [0x00000007acd80000,0x00000007acd80000,0x00000007ad000000)
 ParOldGen       total 81408K, used 40901K [0x0000000780000000, 0x0000000784f80000, 0x00000007aab00000)
  object space 81408K, 50% used [0x0000000780000000,0x00000007827f14f8,0x0000000784f80000)
 Metaspace       used 7074K, capacity 7376K, committed 7552K, reserved 1056768K
  class space    used 794K, capacity 886K, committed 896K, reserved 1048576K
}
Event: 0.952 GC heap before
{Heap before GC invocations=5 (full 1):
 PSYoungGen      total 18944K, used 16384K [0x00000007aab00000, 0x00000007ad000000, 0x00000007c0000000)
  eden space 16384K, 100% used [0x00000007aab00000,0x00000007abb00000,0x00000007abb00000)
  from space 2560K, 0% used [0x00000007abb00000,0x00000007abb00000,0x00000007abd80000)
  to   space 2560K, 0% used [0x00000007acd80000,0x00000007acd80000,0x00000007ad000000)
 ParOldGen       total 81408K, used 40901K [0x0000000780000000, 0x0000000784f80000, 0x00000007aab00000)
  object space 81408K, 50% used [0x0000000780000000,0x00000007827f14f8,0x0000000784f80000)
 Metaspace       used 7074K, capacity 7376K, committed 7552K, reserved 1056768K
  class space    used 794K, capacity 886K, committed 896K, reserved 1048576K
Event: 0.967 GC heap after
Heap after GC invocations=5 (full 1):
 PSYoungGen      total 33280K, used 2545K [0x00000007aab00000, 0x00000007ad000000, 0x00000007c0000000)
  eden space 30720K, 0% used [0x00000007aab00000,0x00000007aab00000,0x00000007ac900000)
  from space 2560K, 99% used [0x00000007acd80000,0x00000007acffc590,0x00000007ad000000)
  to   space 2560K, 0% used [0x00000007acb00000,0x00000007acb00000,0x00000007acd80000)
 ParOldGen       total 81408K, used 54679K [0x0000000780000000, 0x0000000784f80000, 0x00000007aab00000)
  object space 81408K, 67% used [0x0000000780000000,0x0000000783565cc8,0x0000000784f80000)
 Metaspace       used 7074K, capacity 7376K, committed 7552K, reserved 1056768K
  class space    used 794K, capacity 886K, committed 896K, reserved 1048576K
}
Event: 2.086 GC heap before
{Heap before GC invocations=6 (full 1):
 PSYoungGen      total 33280K, used 33265K [0x00000007aab00000, 0x00000007ad000000, 0x00000007c0000000)
  eden space 30720K, 100% used [0x00000007aab00000,0x00000007ac900000,0x00000007ac900000)
  from space 2560K, 99% used [0x00000007acd80000,0x00000007acffc590,0x00000007ad000000)
  to   space 2560K, 0% used [0x00000007acb00000,0x00000007acb00000,0x00000007acd80000)
 ParOldGen       total 81408K, used 54679K [0x0000000780000000, 0x0000000784f80000, 0x00000007aab00000)
  object space 81408K, 67% used [0x0000000780000000,0x0000000783565cc8,0x0000000784f80000)
 Metaspace       used 10832K, capacity 11244K, committed 11392K, reserved 1058816K
  class space    used 1500K, capacity 1634K, committed 1664K, reserved 1048576K
Event: 2.098 GC heap after
Heap after GC invocations=6 (full 1):
 PSYoungGen      total 35328K, used 2559K [0x00000007aab00000, 0x00000007b1a00000, 0x00000007c0000000)
  eden space 32768K, 0% used [0x00000007aab00000,0x00000007aab00000,0x00000007acb00000)
  from space 2560K, 99% used [0x00000007acb00000,0x00000007acd7fcf0,0x00000007acd80000)
  to   space 28672K, 0% used [0x00000007afe00000,0x00000007afe00000,0x00000007b1a00000)
 ParOldGen       total 81408K, used 71627K [0x0000000780000000, 0x0000000784f80000, 0x00000007aab00000)
  object space 81408K, 87% used [0x0000000780000000,0x00000007845f2d78,0x0000000784f80000)
 Metaspace       used 10832K, capacity 11244K, committed 11392K, reserved 1058816K
  class space    used 1500K, capacity 1634K, committed 1664K, reserved 1048576K
}
Event: 2.098 GC heap before
{Heap before GC invocations=7 (full 2):
 PSYoungGen      total 35328K, used 2559K [0x00000007aab00000, 0x00000007b1a00000, 0x00000007c0000000)
  eden space 32768K, 0% used [0x00000007aab00000,0x00000007aab00000,0x00000007acb00000)
  from space 2560K, 99% used [0x00000007acb00000,0x00000007acd7fcf0,0x00000007acd80000)
  to   space 28672K, 0% used [0x00000007afe00000,0x00000007afe00000,0x00000007b1a00000)
 ParOldGen       total 81408K, used 71627K [0x0000000780000000, 0x0000000784f80000, 0x00000007aab00000)
  object space 81408K, 87% used [0x0000000780000000,0x00000007845f2d78,0x0000000784f80000)
 Metaspace       used 10832K, capacity 11244K, committed 11392K, reserved 1058816K
  class space    used 1500K, capacity 1634K, committed 1664K, reserved 1048576K
Event: 2.127 GC heap after
Heap after GC invocations=7 (full 2):
 PSYoungGen      total 35328K, used 0K [0x00000007aab00000, 0x00000007b1a00000, 0x00000007c0000000)
  eden space 32768K, 0% used [0x00000007aab00000,0x00000007aab00000,0x00000007acb00000)
  from space 2560K, 0% used [0x00000007acb00000,0x00000007acb00000,0x00000007acd80000)
  to   space 28672K, 0% used [0x00000007afe00000,0x00000007afe00000,0x00000007b1a00000)
 ParOldGen       total 116736K, used 74100K [0x0000000780000000, 0x0000000787200000, 0x00000007aab00000)
  object space 116736K, 63% used [0x0000000780000000,0x000000078485d2d0,0x0000000787200000)
 Metaspace       used 10832K, capacity 11244K, committed 11392K, reserved 1058816K
  class space    used 1500K, capacity 1634K, committed 1664K, reserved 1048576K
}

Deoptimization events (10 events):
Event: 2.302 Thread 0x00007f87f50c1000 Uncommon trap: reason=class_check action=maybe_recompile pc=0x000000010b1d719c method=java.lang.String.equals(Ljava/lang/Object;)Z @ 8
Event: 2.302 Thread 0x00007f87f50c1000 Uncommon trap: reason=class_check action=maybe_recompile pc=0x000000010b1d719c method=java.lang.String.equals(Ljava/lang/Object;)Z @ 8
Event: 2.715 Thread 0x00007f87f50c1000 Uncommon trap: reason=unstable_if action=reinterpret pc=0x000000010b47b974 method=jdk.internal.org.objectweb.asm.Type.getArgumentsAndReturnSizes(Ljava/lang/String;)I @ 47
Event: 5.529 Thread 0x00007f87f50c1000 Uncommon trap: reason=unstable_if action=reinterpret pc=0x000000010b5c8e10 method=main.java.edu.calpoly.cpe305.wenmin.ParkingApplication.Calculation.fewestEdgePath(II)I @ 74
Event: 9.532 Thread 0x00007f87f50c1000 Uncommon trap: reason=array_check action=maybe_recompile pc=0x000000010b64e5bc method=com.sun.javafx.css.SimpleSelector.applies(Ljavafx/css/Styleable;[Ljava/util/Set;I)Z @ 37
Event: 9.532 Thread 0x00007f87f50c1000 Uncommon trap: reason=array_check action=maybe_recompile pc=0x000000010b64e5bc method=com.sun.javafx.css.SimpleSelector.applies(Ljavafx/css/Styleable;[Ljava/util/Set;I)Z @ 37
Event: 9.532 Thread 0x00007f87f50c1000 Uncommon trap: reason=array_check action=maybe_recompile pc=0x000000010b64e5bc method=com.sun.javafx.css.SimpleSelector.applies(Ljavafx/css/Styleable;[Ljava/util/Set;I)Z @ 37
Event: 9.532 Thread 0x00007f87f50c1000 Uncommon trap: reason=array_check action=maybe_recompile pc=0x000000010b64e5bc method=com.sun.javafx.css.SimpleSelector.applies(Ljavafx/css/Styleable;[Ljava/util/Set;I)Z @ 37
Event: 347.794 Thread 0x00007f87f50c1000 Uncommon trap: reason=unstable_if action=reinterpret pc=0x000000010b796480 method=com.sun.glass.ui.mac.MacTouchInputSupport.notifyNextTouchEvent(Lcom/sun/glass/ui/View;IJIIII)V @ 121
Event: 347.796 Thread 0x00007f87f50c1000 Uncommon trap: reason=unstable_if action=reinterpret pc=0x000000010b79e430 method=com.sun.glass.ui.TouchInputSupport.notifyEndTouchEvent(Lcom/sun/glass/ui/View;)V @ 13

Internal exceptions (10 events):
Event: 0.374 Thread 0x00007f87f6001800 Exception <a 'java/lang/NoSuchFieldError': method resolution failed> (0x00000007aada0bb8) thrown at [/Users/java_re/workspace/8-2-build-macosx-x86_64/jdk8u40/3153/hotspot/src/share/vm/prims/methodHandles.cpp, line 1125]
Event: 0.385 Thread 0x00007f87f6001800 Exception <a 'java/lang/NoSuchFieldError': method resolution failed> (0x00000007aadaf288) thrown at [/Users/java_re/workspace/8-2-build-macosx-x86_64/jdk8u40/3153/hotspot/src/share/vm/prims/methodHandles.cpp, line 1125]
Event: 0.421 Thread 0x00007f87f6001800 Exception <a 'java/security/PrivilegedActionException'> (0x00000007aae3b960) thrown at [/Users/java_re/workspace/8-2-build-macosx-x86_64/jdk8u40/3153/hotspot/src/share/vm/prims/jvm.cpp, line 1382]
Event: 0.421 Thread 0x00007f87f6001800 Exception <a 'java/security/PrivilegedActionException'> (0x00000007aae3bb18) thrown at [/Users/java_re/workspace/8-2-build-macosx-x86_64/jdk8u40/3153/hotspot/src/share/vm/prims/jvm.cpp, line 1382]
Event: 0.421 Thread 0x00007f87f6001800 Exception <a 'java/security/PrivilegedActionException'> (0x00000007aae3ed08) thrown at [/Users/java_re/workspace/8-2-build-macosx-x86_64/jdk8u40/3153/hotspot/src/share/vm/prims/jvm.cpp, line 1382]
Event: 0.421 Thread 0x00007f87f6001800 Exception <a 'java/security/PrivilegedActionException'> (0x00000007aae3eec0) thrown at [/Users/java_re/workspace/8-2-build-macosx-x86_64/jdk8u40/3153/hotspot/src/share/vm/prims/jvm.cpp, line 1382]
Event: 0.421 Thread 0x00007f87f6001800 Exception <a 'java/lang/NullPointerException'> (0x00000007aae407e0) thrown at [/Users/java_re/workspace/8-2-build-macosx-x86_64/jdk8u40/3153/hotspot/src/share/vm/interpreter/linkResolver.cpp, line 1178]
Event: 1.437 Thread 0x00007f87f50c1000 Exception <a 'java/lang/NullPointerException'> (0x00000007ac1d0fc8) thrown at [/Users/java_re/workspace/8-2-build-macosx-x86_64/jdk8u40/3153/hotspot/src/share/vm/interpreter/linkResolver.cpp, line 1178]
Event: 1.437 Thread 0x00007f87f50c1000 Exception <a 'java/lang/NullPointerException'> (0x00000007ac1d0fc8) thrown at [/Users/java_re/workspace/8-2-build-macosx-x86_64/jdk8u40/3153/hotspot/src/share/vm/prims/jvm.cpp, line 1386]
Event: 2.079 Thread 0x00007f87f50c1000 Implicit null exception at 0x000000010b401fd8 to 0x000000010b402066

Events (10 events):
Event: 348.414 Thread 0x00007f87f50c1000 Thread exited: 0x00007f87f50c1000
Event: 348.414 Thread 0x00007f87f6001800 Thread exited: 0x00007f87f6001800
Event: 348.414 Thread 0x00007f87f4998000 Thread added: 0x00007f87f4998000
Event: 348.414 loading class java/util/IdentityHashMap$KeySet
Event: 348.414 loading class java/util/IdentityHashMap$KeySet done
Event: 348.414 loading class java/util/IdentityHashMap$KeyIterator
Event: 348.415 loading class java/util/IdentityHashMap$IdentityHashMapIterator
Event: 348.415 loading class java/util/IdentityHashMap$IdentityHashMapIterator done
Event: 348.415 loading class java/util/IdentityHashMap$KeyIterator done
Event: 348.415 Thread 0x00007f87f4998000 Thread exited: 0x00007f87f4998000


Dynamic libraries:
0x000000005eb43000 	/System/Library/Frameworks/Cocoa.framework/Versions/A/Cocoa
0x000000005eb43000 	/System/Library/Frameworks/Security.framework/Versions/A/Security
0x000000005eb43000 	/System/Library/Frameworks/ApplicationServices.framework/Versions/A/ApplicationServices
0x000000005eb43000 	/usr/lib/libz.1.dylib
0x000000005eb43000 	/usr/lib/libSystem.B.dylib
0x000000005eb43000 	/usr/lib/libobjc.A.dylib
0x000000005eb43000 	/System/Library/Frameworks/CoreFoundation.framework/Versions/A/CoreFoundation
0x000000005eb43000 	/System/Library/Frameworks/Foundation.framework/Versions/C/Foundation
0x000000005eb43000 	/System/Library/Frameworks/AppKit.framework/Versions/C/AppKit
0x000000005eb43000 	/System/Library/Frameworks/CoreData.framework/Versions/A/CoreData
0x000000005eb43000 	/System/Library/PrivateFrameworks/RemoteViewServices.framework/Versions/A/RemoteViewServices
0x000000005eb43000 	/System/Library/PrivateFrameworks/UIFoundation.framework/Versions/A/UIFoundation
0x000000005eb43000 	/usr/lib/libenergytrace.dylib
0x000000005eb43000 	/System/Library/PrivateFrameworks/SkyLight.framework/Versions/A/SkyLight
0x000000005eb43000 	/System/Library/Frameworks/CoreGraphics.framework/Versions/A/CoreGraphics
0x000000005eb43000 	/usr/lib/libScreenReader.dylib
0x000000005eb43000 	/System/Library/Frameworks/Accelerate.framework/Versions/A/Accelerate
0x000000005eb43000 	/System/Library/Frameworks/IOSurface.framework/Versions/A/IOSurface
0x000000005eb43000 	/System/Library/Frameworks/AudioToolbox.framework/Versions/A/AudioToolbox
0x000000005eb43000 	/System/Library/Frameworks/AudioUnit.framework/Versions/A/AudioUnit
0x000000005eb43000 	/System/Library/PrivateFrameworks/DataDetectorsCore.framework/Versions/A/DataDetectorsCore
0x000000005eb43000 	/System/Library/PrivateFrameworks/DesktopServicesPriv.framework/Versions/A/DesktopServicesPriv
0x000000005eb43000 	/System/Library/Frameworks/Carbon.framework/Versions/A/Frameworks/HIToolbox.framework/Versions/A/HIToolbox
0x000000005eb43000 	/usr/lib/libicucore.A.dylib
0x000000005eb43000 	/System/Library/Frameworks/QuartzCore.framework/Versions/A/QuartzCore
0x000000005eb43000 	/System/Library/Frameworks/Carbon.framework/Versions/A/Frameworks/SpeechRecognition.framework/Versions/A/SpeechRecognition
0x000000005eb43000 	/usr/lib/libauto.dylib
0x000000005eb43000 	/usr/lib/libxml2.2.dylib
0x000000005eb43000 	/System/Library/PrivateFrameworks/CoreUI.framework/Versions/A/CoreUI
0x000000005eb43000 	/System/Library/Frameworks/CoreAudio.framework/Versions/A/CoreAudio
0x000000005eb43000 	/System/Library/Frameworks/DiskArbitration.framework/Versions/A/DiskArbitration
0x000000005eb43000 	/usr/lib/liblangid.dylib
0x000000005eb43000 	/System/Library/PrivateFrameworks/MultitouchSupport.framework/Versions/A/MultitouchSupport
0x000000005eb43000 	/System/Library/Frameworks/IOKit.framework/Versions/A/IOKit
0x000000005eb43000 	/usr/lib/libDiagnosticMessagesClient.dylib
0x000000005eb43000 	/System/Library/Frameworks/CoreServices.framework/Versions/A/CoreServices
0x000000005eb43000 	/System/Library/PrivateFrameworks/PerformanceAnalysis.framework/Versions/A/PerformanceAnalysis
0x000000005eb43000 	/System/Library/PrivateFrameworks/GenerationalStorage.framework/Versions/A/GenerationalStorage
0x000000005eb43000 	/System/Library/Frameworks/OpenGL.framework/Versions/A/OpenGL
0x000000005eb43000 	/System/Library/Frameworks/CoreImage.framework/Versions/A/CoreImage
0x000000005eb43000 	/System/Library/Frameworks/CoreText.framework/Versions/A/CoreText
0x000000005eb43000 	/System/Library/Frameworks/ImageIO.framework/Versions/A/ImageIO
0x000000005eb43000 	/System/Library/PrivateFrameworks/Backup.framework/Versions/A/Backup
0x000000005eb43000 	/usr/lib/libarchive.2.dylib
0x000000005eb43000 	/System/Library/Frameworks/CFNetwork.framework/Versions/A/CFNetwork
0x000000005eb43000 	/System/Library/Frameworks/SystemConfiguration.framework/Versions/A/SystemConfiguration
0x000000005eb43000 	/usr/lib/libCRFSuite.dylib
0x000000005eb43000 	/usr/lib/libc++.1.dylib
0x000000005eb43000 	/usr/lib/libc++abi.dylib
0x000000005eb43000 	/usr/lib/system/libcache.dylib
0x000000005eb43000 	/usr/lib/system/libcommonCrypto.dylib
0x000000005eb43000 	/usr/lib/system/libcompiler_rt.dylib
0x000000005eb43000 	/usr/lib/system/libcopyfile.dylib
0x000000005eb43000 	/usr/lib/system/libcorecrypto.dylib
0x000000005eb43000 	/usr/lib/system/libdispatch.dylib
0x000000005eb43000 	/usr/lib/system/libdyld.dylib
0x000000005eb43000 	/usr/lib/system/libkeymgr.dylib
0x000000005eb43000 	/usr/lib/system/liblaunch.dylib
0x000000005eb43000 	/usr/lib/system/libmacho.dylib
0x000000005eb43000 	/usr/lib/system/libquarantine.dylib
0x000000005eb43000 	/usr/lib/system/libremovefile.dylib
0x000000005eb43000 	/usr/lib/system/libsystem_asl.dylib
0x000000005eb43000 	/usr/lib/system/libsystem_blocks.dylib
0x000000005eb43000 	/usr/lib/system/libsystem_c.dylib
0x000000005eb43000 	/usr/lib/system/libsystem_configuration.dylib
0x000000005eb43000 	/usr/lib/system/libsystem_coreservices.dylib
0x000000005eb43000 	/usr/lib/system/libsystem_coretls.dylib
0x000000005eb43000 	/usr/lib/system/libsystem_dnssd.dylib
0x000000005eb43000 	/usr/lib/system/libsystem_info.dylib
0x000000005eb43000 	/usr/lib/system/libsystem_kernel.dylib
0x000000005eb43000 	/usr/lib/system/libsystem_m.dylib
0x000000005eb43000 	/usr/lib/system/libsystem_malloc.dylib
0x000000005eb43000 	/usr/lib/system/libsystem_network.dylib
0x000000005eb43000 	/usr/lib/system/libsystem_networkextension.dylib
0x000000005eb43000 	/usr/lib/system/libsystem_notify.dylib
0x000000005eb43000 	/usr/lib/system/libsystem_platform.dylib
0x000000005eb43000 	/usr/lib/system/libsystem_pthread.dylib
0x000000005eb43000 	/usr/lib/system/libsystem_sandbox.dylib
0x000000005eb43000 	/usr/lib/system/libsystem_secinit.dylib
0x000000005eb43000 	/usr/lib/system/libsystem_symptoms.dylib
0x000000005eb43000 	/usr/lib/system/libsystem_trace.dylib
0x000000005eb43000 	/usr/lib/system/libunwind.dylib
0x000000005eb43000 	/usr/lib/system/libxpc.dylib
0x000000005eb43000 	/usr/lib/libbsm.0.dylib
0x000000005eb43000 	/usr/lib/system/libkxld.dylib
0x000000005eb43000 	/usr/lib/libcoretls.dylib
0x000000005eb43000 	/usr/lib/libcoretls_cfhelpers.dylib
0x000000005eb43000 	/usr/lib/libxar.1.dylib
0x000000005eb43000 	/usr/lib/libsqlite3.dylib
0x000000005eb43000 	/usr/lib/libpam.2.dylib
0x000000005eb43000 	/usr/lib/libOpenScriptingUtil.dylib
0x000000005eb43000 	/usr/lib/libbz2.1.0.dylib
0x000000005eb43000 	/usr/lib/liblzma.5.dylib
0x000000005eb43000 	/usr/lib/libnetwork.dylib
0x000000005eb43000 	/usr/lib/libpcap.A.dylib
0x000000005eb43000 	/System/Library/Frameworks/CoreServices.framework/Versions/A/Frameworks/FSEvents.framework/Versions/A/FSEvents
0x000000005eb43000 	/System/Library/Frameworks/CoreServices.framework/Versions/A/Frameworks/CarbonCore.framework/Versions/A/CarbonCore
0x000000005eb43000 	/System/Library/Frameworks/CoreServices.framework/Versions/A/Frameworks/Metadata.framework/Versions/A/Metadata
0x000000005eb43000 	/System/Library/Frameworks/CoreServices.framework/Versions/A/Frameworks/OSServices.framework/Versions/A/OSServices
0x000000005eb43000 	/System/Library/Frameworks/CoreServices.framework/Versions/A/Frameworks/SearchKit.framework/Versions/A/SearchKit
0x000000005eb43000 	/System/Library/Frameworks/CoreServices.framework/Versions/A/Frameworks/AE.framework/Versions/A/AE
0x000000005eb43000 	/System/Library/Frameworks/CoreServices.framework/Versions/A/Frameworks/LaunchServices.framework/Versions/A/LaunchServices
0x000000005eb43000 	/System/Library/Frameworks/CoreServices.framework/Versions/A/Frameworks/DictionaryServices.framework/Versions/A/DictionaryServices
0x000000005eb43000 	/System/Library/Frameworks/CoreServices.framework/Versions/A/Frameworks/SharedFileList.framework/Versions/A/SharedFileList
0x000000005eb43000 	/System/Library/Frameworks/NetFS.framework/Versions/A/NetFS
0x000000005eb43000 	/System/Library/PrivateFrameworks/NetAuth.framework/Versions/A/NetAuth
0x000000005eb43000 	/System/Library/PrivateFrameworks/login.framework/Versions/A/Frameworks/loginsupport.framework/Versions/A/loginsupport
0x000000005eb43000 	/System/Library/PrivateFrameworks/TCC.framework/Versions/A/TCC
0x000000005eb43000 	/usr/lib/libmecabra.dylib
0x000000005eb43000 	/System/Library/Frameworks/ApplicationServices.framework/Versions/A/Frameworks/ATS.framework/Versions/A/ATS
0x000000005eb43000 	/System/Library/Frameworks/ApplicationServices.framework/Versions/A/Frameworks/ColorSync.framework/Versions/A/ColorSync
0x000000005eb43000 	/System/Library/Frameworks/ApplicationServices.framework/Versions/A/Frameworks/HIServices.framework/Versions/A/HIServices
0x000000005eb43000 	/System/Library/Frameworks/ApplicationServices.framework/Versions/A/Frameworks/LangAnalysis.framework/Versions/A/LangAnalysis
0x000000005eb43000 	/System/Library/Frameworks/ApplicationServices.framework/Versions/A/Frameworks/PrintCore.framework/Versions/A/PrintCore
0x000000005eb43000 	/System/Library/Frameworks/ApplicationServices.framework/Versions/A/Frameworks/QD.framework/Versions/A/QD
0x000000005eb43000 	/System/Library/Frameworks/ApplicationServices.framework/Versions/A/Frameworks/SpeechSynthesis.framework/Versions/A/SpeechSynthesis
0x000000005eb43000 	/System/Library/Frameworks/Accelerate.framework/Versions/A/Frameworks/vImage.framework/Versions/A/vImage
0x000000005eb43000 	/System/Library/Frameworks/Accelerate.framework/Versions/A/Frameworks/vecLib.framework/Versions/A/vecLib
0x000000005eb43000 	/System/Library/Frameworks/Accelerate.framework/Versions/A/Frameworks/vecLib.framework/Versions/A/libvDSP.dylib
0x000000005eb43000 	/System/Library/Frameworks/Accelerate.framework/Versions/A/Frameworks/vecLib.framework/Versions/A/libBNNS.dylib
0x000000005eb43000 	/System/Library/Frameworks/Accelerate.framework/Versions/A/Frameworks/vecLib.framework/Versions/A/libQuadrature.dylib
0x000000005eb43000 	/System/Library/Frameworks/Accelerate.framework/Versions/A/Frameworks/vecLib.framework/Versions/A/libvMisc.dylib
0x000000005eb43000 	/System/Library/Frameworks/Accelerate.framework/Versions/A/Frameworks/vecLib.framework/Versions/A/libLAPACK.dylib
0x000000005eb43000 	/System/Library/Frameworks/Accelerate.framework/Versions/A/Frameworks/vecLib.framework/Versions/A/libBLAS.dylib
0x000000005eb43000 	/System/Library/Frameworks/Accelerate.framework/Versions/A/Frameworks/vecLib.framework/Versions/A/libLinearAlgebra.dylib
0x000000005eb43000 	/System/Library/Frameworks/Accelerate.framework/Versions/A/Frameworks/vecLib.framework/Versions/A/libSparseBLAS.dylib
0x000000005eb43000 	/System/Library/Frameworks/ApplicationServices.framework/Versions/A/Frameworks/ATS.framework/Versions/A/Resources/libFontParser.dylib
0x000000005eb43000 	/System/Library/Frameworks/ApplicationServices.framework/Versions/A/Frameworks/ATS.framework/Versions/A/Resources/libFontRegistry.dylib
0x000000005eb43000 	/System/Library/Frameworks/ImageIO.framework/Versions/A/Resources/libJPEG.dylib
0x000000005eb43000 	/System/Library/Frameworks/ImageIO.framework/Versions/A/Resources/libTIFF.dylib
0x000000005eb43000 	/System/Library/Frameworks/ImageIO.framework/Versions/A/Resources/libPng.dylib
0x000000005eb43000 	/System/Library/Frameworks/ImageIO.framework/Versions/A/Resources/libGIF.dylib
0x000000005eb43000 	/System/Library/Frameworks/ImageIO.framework/Versions/A/Resources/libJP2.dylib
0x000000005eb43000 	/System/Library/Frameworks/ImageIO.framework/Versions/A/Resources/libRadiance.dylib
0x000000005eb43000 	/usr/lib/libcompression.dylib
0x000000005eb43000 	/System/Library/PrivateFrameworks/AppleJPEG.framework/Versions/A/AppleJPEG
0x000000005eb43000 	/usr/lib/libcups.2.dylib
0x000000005eb43000 	/System/Library/Frameworks/Kerberos.framework/Versions/A/Kerberos
0x000000005eb43000 	/System/Library/Frameworks/GSS.framework/Versions/A/GSS
0x000000005eb43000 	/usr/lib/libresolv.9.dylib
0x000000005eb43000 	/usr/lib/libiconv.2.dylib
0x000000005eb43000 	/System/Library/PrivateFrameworks/Heimdal.framework/Versions/A/Heimdal
0x000000005eb43000 	/usr/lib/libheimdal-asn1.dylib
0x000000005eb43000 	/System/Library/Frameworks/OpenDirectory.framework/Versions/A/OpenDirectory
0x000000005eb43000 	/System/Library/PrivateFrameworks/CommonAuth.framework/Versions/A/CommonAuth
0x000000005eb43000 	/System/Library/Frameworks/OpenDirectory.framework/Versions/A/Frameworks/CFOpenDirectory.framework/Versions/A/CFOpenDirectory
0x000000005eb43000 	/System/Library/Frameworks/SecurityFoundation.framework/Versions/A/SecurityFoundation
0x000000005eb43000 	/System/Library/PrivateFrameworks/LanguageModeling.framework/Versions/A/LanguageModeling
0x000000005eb43000 	/usr/lib/libmarisa.dylib
0x000000005eb43000 	/usr/lib/libChineseTokenizer.dylib
0x000000005eb43000 	/usr/lib/libcmph.dylib
0x000000005eb43000 	/System/Library/PrivateFrameworks/CoreEmoji.framework/Versions/A/CoreEmoji
0x000000005eb43000 	/System/Library/Frameworks/ServiceManagement.framework/Versions/A/ServiceManagement
0x000000005eb43000 	/usr/lib/libxslt.1.dylib
0x000000005eb43000 	/System/Library/Frameworks/Carbon.framework/Versions/A/Frameworks/Ink.framework/Versions/A/Ink
0x000000005eb43000 	/System/Library/PrivateFrameworks/TextureIO.framework/Versions/A/TextureIO
0x000000005eb43000 	/System/Library/Frameworks/Metal.framework/Versions/A/Metal
0x000000005eb43000 	/usr/lib/libate.dylib
0x000000005eb43000 	/System/Library/PrivateFrameworks/GPUCompiler.framework/libmetal_timestamp.dylib
0x000000005eb43000 	/System/Library/Frameworks/OpenGL.framework/Versions/A/Libraries/libCoreFSCache.dylib
0x000000005eb43000 	/System/Library/PrivateFrameworks/IOAccelerator.framework/Versions/A/IOAccelerator
0x000000005eb43000 	/System/Library/Frameworks/CoreVideo.framework/Versions/A/CoreVideo
0x000000005eb43000 	/usr/lib/libFosl_dynamic.dylib
0x000000005eb43000 	/System/Library/PrivateFrameworks/MetalPerformanceShaders.framework/Versions/A/MetalPerformanceShaders
0x000000005eb43000 	/System/Library/PrivateFrameworks/FaceCore.framework/Versions/A/FaceCore
0x000000005eb43000 	/System/Library/Frameworks/OpenCL.framework/Versions/A/OpenCL
0x000000005eb43000 	/System/Library/Frameworks/OpenGL.framework/Versions/A/Libraries/libGLU.dylib
0x000000005eb43000 	/System/Library/Frameworks/OpenGL.framework/Versions/A/Libraries/libGFXShared.dylib
0x000000005eb43000 	/System/Library/Frameworks/OpenGL.framework/Versions/A/Libraries/libGL.dylib
0x000000005eb43000 	/System/Library/Frameworks/OpenGL.framework/Versions/A/Libraries/libGLImage.dylib
0x000000005eb43000 	/System/Library/Frameworks/OpenGL.framework/Versions/A/Libraries/libCVMSPluginSupport.dylib
0x000000005eb43000 	/System/Library/Frameworks/OpenGL.framework/Versions/A/Libraries/libCoreVMClient.dylib
0x000000005eb43000 	/System/Library/PrivateFrameworks/CrashReporterSupport.framework/Versions/A/CrashReporterSupport
0x000000005eb43000 	/System/Library/PrivateFrameworks/Sharing.framework/Versions/A/Sharing
0x000000005eb43000 	/System/Library/PrivateFrameworks/IconServices.framework/Versions/A/IconServices
0x000000005eb43000 	/System/Library/PrivateFrameworks/ProtocolBuffer.framework/Versions/A/ProtocolBuffer
0x000000005eb43000 	/System/Library/PrivateFrameworks/Apple80211.framework/Versions/A/Apple80211
0x000000005eb43000 	/System/Library/Frameworks/CoreWLAN.framework/Versions/A/CoreWLAN
0x000000005eb43000 	/System/Library/PrivateFrameworks/CoreUtils.framework/Versions/A/CoreUtils
0x000000005eb43000 	/System/Library/Frameworks/IOBluetooth.framework/Versions/A/IOBluetooth
0x000000005eb43000 	/System/Library/PrivateFrameworks/CoreWiFi.framework/Versions/A/CoreWiFi
0x000000005eb43000 	/System/Library/Frameworks/CoreBluetooth.framework/Versions/A/CoreBluetooth
0x000000005eb43000 	/System/Library/Frameworks/CoreDisplay.framework/Versions/A/CoreDisplay
0x000000005eb43000 	/System/Library/PrivateFrameworks/IOPresentment.framework/Versions/A/IOPresentment
0x000000005eb43000 	/System/Library/PrivateFrameworks/DebugSymbols.framework/Versions/A/DebugSymbols
0x000000005eb43000 	/System/Library/PrivateFrameworks/CoreSymbolication.framework/Versions/A/CoreSymbolication
0x000000005eb43000 	/System/Library/PrivateFrameworks/Symbolication.framework/Versions/A/Symbolication
0x000000005eb43000 	/System/Library/PrivateFrameworks/AppleFSCompression.framework/Versions/A/AppleFSCompression
0x000000005eb43000 	/System/Library/PrivateFrameworks/SpeechRecognitionCore.framework/Versions/A/SpeechRecognitionCore
0x000000005eb43000 	/System/Library/PrivateFrameworks/ChunkingLibrary.framework/Versions/A/ChunkingLibrary
0x0000000106e5a000 	/Library/Java/JavaVirtualMachines/jdk1.8.0_40.jdk/Contents/Home/jre/lib/server/libjvm.dylib
0x000000005eb43000 	/usr/lib/libstdc++.6.dylib
0x0000000107dc3000 	/Library/Java/JavaVirtualMachines/jdk1.8.0_40.jdk/Contents/Home/jre/lib/libverify.dylib
0x0000000107dd1000 	/Library/Java/JavaVirtualMachines/jdk1.8.0_40.jdk/Contents/Home/jre/lib/libjava.dylib
0x0000000107e10000 	/Library/Java/JavaVirtualMachines/jdk1.8.0_40.jdk/Contents/Home/jre/lib/libzip.dylib
0x000000011baa3000 	/System/Library/Frameworks/JavaVM.framework/Frameworks/JavaRuntimeSupport.framework/JavaRuntimeSupport
0x000000011babd000 	/System/Library/Frameworks/JavaVM.framework/Versions/A/Frameworks/JavaNativeFoundation.framework/Versions/A/JavaNativeFoundation
0x000000011bad2000 	/System/Library/Frameworks/JavaVM.framework/Versions/A/JavaVM
0x000000005eb43000 	/System/Library/Frameworks/Carbon.framework/Versions/A/Carbon
0x000000011badf000 	/System/Library/PrivateFrameworks/JavaLaunching.framework/Versions/A/JavaLaunching
0x000000005eb43000 	/System/Library/Frameworks/Carbon.framework/Versions/A/Frameworks/CommonPanels.framework/Versions/A/CommonPanels
0x000000005eb43000 	/System/Library/Frameworks/Carbon.framework/Versions/A/Frameworks/Help.framework/Versions/A/Help
0x000000005eb43000 	/System/Library/Frameworks/Carbon.framework/Versions/A/Frameworks/ImageCapture.framework/Versions/A/ImageCapture
0x000000005eb43000 	/System/Library/Frameworks/Carbon.framework/Versions/A/Frameworks/OpenScripting.framework/Versions/A/OpenScripting
0x000000005eb43000 	/System/Library/Frameworks/Carbon.framework/Versions/A/Frameworks/Print.framework/Versions/A/Print
0x000000005eb43000 	/System/Library/Frameworks/Carbon.framework/Versions/A/Frameworks/SecurityHI.framework/Versions/A/SecurityHI
0x000000011d4b6000 	/Library/Java/JavaVirtualMachines/jdk1.8.0_40.jdk/Contents/Home/jre/lib/libprism_es2.dylib
0x000000005eb43000 	/System/Library/Frameworks/OpenGL.framework/Versions/A/Resources/GLEngine.bundle/GLEngine
0x000000005eb43000 	/System/Library/Frameworks/OpenGL.framework/Versions/A/Libraries/libGLProgrammability.dylib
0x000000011d51c000 	/System/Library/Extensions/AppleIntelHD5000GraphicsGLDriver.bundle/Contents/MacOS/AppleIntelHD5000GraphicsGLDriver
0x000000005eb43000 	/System/Library/PrivateFrameworks/GPUSupport.framework/Versions/A/Libraries/libGPUSupportMercury.dylib
0x000000005eb43000 	/System/Library/Frameworks/OpenGL.framework/Versions/A/Resources/GLRendererFloat.bundle/GLRendererFloat
0x000000005eb43000 	/System/Library/Frameworks/OpenCL.framework/Versions/A/Libraries/libcldcpuengine.dylib
0x000000005eb43000 	/usr/lib/libcrypto.0.9.8.dylib
0x000000005eb43000 	/System/Library/PrivateFrameworks/TrustEvaluationAgent.framework/Versions/A/TrustEvaluationAgent
0x000000011e0ce000 	/Library/Java/JavaVirtualMachines/jdk1.8.0_40.jdk/Contents/Home/jre/lib/libglass.dylib
0x000000005eb43000 	/System/Library/PrivateFrameworks/CoreServicesInternal.framework/Versions/A/CoreServicesInternal
0x000000005eb43000 	/System/Library/CoreServices/RawCamera.bundle/Contents/MacOS/RawCamera
0x000000005eb43000 	/System/Library/Frameworks/Accelerate.framework/Versions/A/Frameworks/vImage.framework/Versions/A/Libraries/libCGInterfaces.dylib
0x000000005eb43000 	/System/Library/PrivateFrameworks/FamilyControls.framework/Versions/A/FamilyControls
0x000000005eb43000 	/System/Library/PrivateFrameworks/CommerceKit.framework/Versions/A/Frameworks/CommerceCore.framework/Versions/A/CommerceCore
0x000000005eb43000 	/System/Library/PrivateFrameworks/SystemAdministration.framework/Versions/A/SystemAdministration
0x000000005eb43000 	/System/Library/PrivateFrameworks/AppContainer.framework/Versions/A/AppContainer
0x000000005eb43000 	/System/Library/PrivateFrameworks/SecCodeWrapper.framework/Versions/A/SecCodeWrapper
0x000000005eb43000 	/System/Library/Frameworks/DirectoryService.framework/Versions/A/DirectoryService
0x000000005eb43000 	/System/Library/PrivateFrameworks/DiskImages.framework/Versions/A/DiskImages
0x000000005eb43000 	/System/Library/PrivateFrameworks/LoginUIKit.framework/Versions/A/Frameworks/LoginUICore.framework/Versions/A/LoginUICore
0x000000005eb43000 	/usr/lib/libCoreStorage.dylib
0x000000005eb43000 	/usr/lib/libcsfde.dylib
0x000000005eb43000 	/usr/lib/libodfde.dylib
0x000000005eb43000 	/System/Library/Frameworks/DiscRecording.framework/Versions/A/DiscRecording
0x000000005eb43000 	/usr/lib/libcurl.4.dylib
0x000000005eb43000 	/System/Library/PrivateFrameworks/MediaKit.framework/Versions/A/MediaKit
0x000000005eb43000 	/System/Library/PrivateFrameworks/ProtectedCloudStorage.framework/Versions/A/ProtectedCloudStorage
0x000000005eb43000 	/System/Library/PrivateFrameworks/EFILogin.framework/Versions/A/EFILogin
0x000000005eb43000 	/usr/lib/libutil.dylib
0x000000005eb43000 	/System/Library/Frameworks/LDAP.framework/Versions/A/LDAP
0x000000005eb43000 	/usr/lib/libsasl2.2.dylib
0x000000005eb43000 	/System/Library/PrivateFrameworks/CoreDaemon.framework/Versions/B/CoreDaemon
0x000000005eb43000 	/System/Library/PrivateFrameworks/AppleSRP.framework/Versions/A/AppleSRP
0x000000005eb43000 	/System/Library/PrivateFrameworks/APFS.framework/Versions/A/APFS
0x000000011e495000 	/Library/Java/JavaVirtualMachines/jdk1.8.0_40.jdk/Contents/Home/jre/lib/libnet.dylib
0x000000011e4ac000 	/Library/Java/JavaVirtualMachines/jdk1.8.0_40.jdk/Contents/Home/jre/lib/libnio.dylib
0x000000005eb43000 	/System/Library/Frameworks/ApplicationServices.framework/Versions/A/Frameworks/ATS.framework/Versions/A/Resources/libTrueTypeScaler.dylib
0x000000012177c000 	/System/Library/Extensions/AppleIntelHD5000GraphicsMTLDriver.bundle/Contents/MacOS/AppleIntelHD5000GraphicsMTLDriver
0x000000011e3f2000 	/Library/Java/JavaVirtualMachines/jdk1.8.0_40.jdk/Contents/Home/jre/lib/libjavafx_font.dylib
0x0000000122ae3000 	/Library/Java/JavaVirtualMachines/jdk1.8.0_40.jdk/Contents/Home/jre/lib/libprism_common.dylib
0x000000005eb43000 	/System/Library/PrivateFrameworks/ViewBridge.framework/Versions/A/ViewBridge
0x000000005eb43000 	/System/Library/PrivateFrameworks/XPCService.framework/Versions/A/XPCService
0x000000005eb43000 	/System/Library/PrivateFrameworks/AppSandbox.framework/Versions/A/AppSandbox
0x000000005eb43000 	/usr/lib/libsandbox.1.dylib
0x000000005eb43000 	/usr/lib/libMatch.1.dylib

VM Arguments:
jvm_args: -Dfile.encoding=UTF-8 
java_command: main.java.edu.calpoly.cpe305.wenmin.ParkingApplication.FXDriver
java_class_path (initial): /Users/wenmin518/git/fall2016-project-wenmin518/target/classes:/Users/wenmin518/.p2/pool/plugins/org.junit_4.12.0.v201504281640/junit.jar:/Users/wenmin518/.p2/pool/plugins/org.hamcrest.core_1.3.0.v201303031735.jar:/Users/wenmin518/Desktop/CPE305/Json Jarfile/json-simple-1.1.1.jar:/Users/wenmin518/.m2/repository/com/googlecode/json-simple/json-simple/1.1.1/json-simple-1.1.1.jar
Launcher Type: SUN_STANDARD

Environment Variables:
PATH=/usr/bin:/bin:/usr/sbin:/sbin
SHELL=/bin/bash
DISPLAY=/private/tmp/com.apple.launchd.B3On7PHhCo/org.macosforge.xquartz:0

Signal Handlers:
SIGSEGV: [libjvm.dylib+0x58ef95], sa_mask[0]=11111111011111110111111111111111, sa_flags=SA_ONSTACK|SA_RESTART|SA_SIGINFO
SIGBUS: [libjvm.dylib+0x58ef95], sa_mask[0]=11111111011111110111111111111111, sa_flags=SA_RESTART|SA_SIGINFO
SIGFPE: [libjvm.dylib+0x46c118], sa_mask[0]=11111111011111110111111111111111, sa_flags=SA_RESTART|SA_SIGINFO
SIGPIPE: [libjvm.dylib+0x46c118], sa_mask[0]=11111111011111110111111111111111, sa_flags=SA_RESTART|SA_SIGINFO
SIGXFSZ: [libjvm.dylib+0x46c118], sa_mask[0]=11111111011111110111111111111111, sa_flags=SA_RESTART|SA_SIGINFO
SIGILL: [libjvm.dylib+0x46c118], sa_mask[0]=11111111011111110111111111111111, sa_flags=SA_RESTART|SA_SIGINFO
SIGUSR1: SIG_DFL, sa_mask[0]=00000000000000000000000000000000, sa_flags=none
SIGUSR2: [libjvm.dylib+0x46bc36], sa_mask[0]=00100000000000000000000000000000, sa_flags=SA_RESTART|SA_SIGINFO
SIGHUP: [libjvm.dylib+0x46a209], sa_mask[0]=11111111011111110111111111111111, sa_flags=SA_RESTART|SA_SIGINFO
SIGINT: [libjvm.dylib+0x46a209], sa_mask[0]=11111111011111110111111111111111, sa_flags=SA_RESTART|SA_SIGINFO
SIGTERM: [libjvm.dylib+0x46a209], sa_mask[0]=11111111011111110111111111111111, sa_flags=SA_RESTART|SA_SIGINFO
SIGQUIT: [libjvm.dylib+0x46a209], sa_mask[0]=11111111011111110111111111111111, sa_flags=SA_RESTART|SA_SIGINFO


---------------  S Y S T E M  ---------------

OS:Bsduname:Darwin 16.1.0 Darwin Kernel Version 16.1.0: Thu Oct 13 21:26:57 PDT 2016; root:xnu-3789.21.3~60/RELEASE_X86_64 x86_64
rlimit: STACK 8192k, CORE 0k, NPROC 709, NOFILE 10240, AS infinity
load average:4.09 3.14 2.82

CPU:total 4 (2 cores per cpu, 2 threads per core) family 6 model 69 stepping 1, cmov, cx8, fxsr, mmx, sse, sse2, sse3, ssse3, sse4.1, sse4.2, popcnt, avx, avx2, aes, clmul, erms, lzcnt, ht, tsc, tscinvbit, bmi1, bmi2

Memory: 4k page, physical 4194304k(393116k free)

/proc/meminfo:


vm_info: Java HotSpot(TM) 64-Bit Server VM (25.40-b25) for bsd-amd64 JRE (1.8.0_40-b27), built on Mar 13 2015 04:46:52 by "java_re" with gcc 4.2.1 (Based on Apple Inc. build 5658) (LLVM build 2336.11.00)

time: Fri Nov 25 12:15:12 2016
elapsed time: 348 seconds (0d 0h 5m 48s)

