#
# A fatal error has been detected by the Java Runtime Environment:
#
#  SIGSEGV (0xb) at pc=0x000000011cd4e5dd, pid=70629, tid=775
#
# JRE version: Java(TM) SE Runtime Environment (8.0_40-b27) (build 1.8.0_40-b27)
# Java VM: Java HotSpot(TM) 64-Bit Server VM (25.40-b25 mixed mode bsd-amd64 compressed oops)
# Problematic frame:
# C  [libglass.dylib+0x155dd]  GlassScreenDidChangeScreenParameters+0x9d
#
# Failed to write core dump. Core dumps have been disabled. To enable core dumping, try "ulimit -c unlimited" before starting Java again
#
# If you would like to submit a bug report, please visit:
#   http://bugreport.java.com/bugreport/crash.jsp
#

---------------  T H R E A D  ---------------

Current thread is native thread

siginfo: si_signo: 11 (SIGSEGV), si_code: 1 (SEGV_MAPERR), si_addr: 0x0000000000000000

Registers:
RAX=0x000000011cd80bc0, RBX=0x0000000000000000, RCX=0x0000000000000103, RDX=0x00007ff53ec68308
RSP=0x00007fff5a1b49a0, RBP=0x00007fff5a1b49b0, RSI=0x00007ff53ec11030, RDI=0x0000000000000000
R8 =0x0000000000000040, R9 =0x00007ffff1b26040, R10=0xffffffffffffffff, R11=0x0000000000012068
R12=0x0000000000000000, R13=0x00007ff53ec68160, R14=0x00007ff53efecd60, R15=0x0000000000000000
RIP=0x000000011cd4e5dd, EFLAGS=0x0000000000010202, ERR=0x0000000000000004
  TRAPNO=0x000000000000000e

Top of Stack: (sp=0x00007fff5a1b49a0)
0x00007fff5a1b49a0:   00007ff53ec681a0 00007ff53efecd60
0x00007fff5a1b49b0:   00007fff5a1b49c0 00007fffd3d6e59c
0x00007fff5a1b49c0:   00007fff5a1b4a30 00007fffd3d6e49b
0x00007fff5a1b49d0:   0000000105a64000 00007ffff1b21060
0x00007fff5a1b49e0:   00000000c2000000 00007fffd3d6e4f0
0x00007fff5a1b49f0:   00007fffee504680 00007ff53ec68160
0x00007fff5a1b4a00:   00007ff53efecd60 00007fff5a1b51f8
0x00007fff5a1b4a10:   00007fffe8536b40 00007fff5a1b4b00
0x00007fff5a1b4a20:   00007ff53ec68160 00007fffd251e631
0x00007fff5a1b4a30:   00007fff5a1b4a70 00007fffd3d6e202
0x00007fff5a1b4a40:   00007fff5a1b5040 0000000000000000
0x00007fff5a1b4a50:   00007fffe8536b40 00007fff5a1b4b00
0x00007fff5a1b4a60:   00007fff5a1b51f8 00007fffd251e631
0x00007fff5a1b4a70:   00007fff5a1b5190 00007fffd3d2b903
0x00007fff5a1b4a80:   00007fff5a1b4aa0 00007fffd3cedb20
0x00007fff5a1b4a90:   00007ff53ee34980 00007fff5a1b50e0
0x00007fff5a1b4aa0:   00007ff53ed11820 00007fffee505cb0
0x00007fff5a1b4ab0:   0000000000000000 00007ff540092048
0x00007fff5a1b4ac0:   00007ff53ed11801 00007ff53ec48040
0x00007fff5a1b4ad0:   00007fffee637f70 0000000000000000
0x00007fff5a1b4ae0:   00007ff53ec681d0 0000000000000000
0x00007fff5a1b4af0:   0000000000000000 00007fffee5448a0
0x00007fff5a1b4b00:   00007fff5a1b5040 0000000000000001
0x00007fff5a1b4b10:   0000000000000100 00007fff5a1b4b00
0x00007fff5a1b4b20:   00007fff5a1b4f40 0000000000000000
0x00007fff5a1b4b30:   0000000000000100 00007fffee545e00
0x00007fff5a1b4b40:   00007fff5a1b50e0 0000000000000001
0x00007fff5a1b4b50:   00007fff5a1b4b90 00007fffd3d265ac
0x00007fff5a1b4b60:   000000000000000d 00007ff53ee34980
0x00007fff5a1b4b70:   00007ff53ee34980 00007fffee545e20
0x00007fff5a1b4b80:   00007ff53ef005a0 0000000000000001
0x00007fff5a1b4b90:   00007fff5a1b5210 00007fffd3d260c9 

Instructions: (pc=0x000000011cd4e5dd)
0x000000011cd4e5bd:   89 df 4c 89 f1 41 ff 90 68 04 00 00 48 8d 05 f8
0x000000011cd4e5cd:   24 03 00 48 8b 30 48 8d 05 e6 25 03 00 48 8b 10
0x000000011cd4e5dd:   48 8b 0b 30 c0 48 89 df ff 91 68 04 00 00 48 8b
0x000000011cd4e5ed:   03 48 89 df ff 50 78 48 85 c0 74 36 49 89 c6 48 

Register to memory mapping:

RAX=0x000000011cd80bc0: jScreenNotifySettingsChanged+0 in /Library/Java/JavaVirtualMachines/jdk1.8.0_40.jdk/Contents/Home/jre/lib/libglass.dylib at 0x000000011cd39000
RBX=0x0000000000000000 is an unknown value
RCX=0x0000000000000103 is an unknown value
RDX=0x00007ff53ec68308 is an unknown value
RSP=0x00007fff5a1b49a0 is an unknown value
RBP=0x00007fff5a1b49b0 is an unknown value
RSI=0x00007ff53ec11030 is a global jni handle
RDI=0x0000000000000000 is an unknown value
R8 =0x0000000000000040 is an unknown value
R9 =0x00007ffff1b26040: __sFX+0x1c0 in /usr/lib/system/libsystem_c.dylib at 0x00007fffe8e58000
R10=0xffffffffffffffff is an unknown value
R11=0x0000000000012068 is an unknown value
R12=0x0000000000000000 is an unknown value
R13=0x00007ff53ec68160 is an unknown value
R14=0x00007ff53efecd60 is an unknown value
R15=0x0000000000000000 is an unknown value


Stack: [0x00007fff599b8000,0x00007fff5a1b8000],  sp=0x00007fff5a1b49a0,  free space=8178k
Native frames: (J=compiled Java code, j=interpreted, Vv=VM code, C=native code)
C  [libglass.dylib+0x155dd]  GlassScreenDidChangeScreenParameters+0x9d
C  [CoreFoundation+0x9d59c]  __CFNOTIFICATIONCENTER_IS_CALLING_OUT_TO_AN_OBSERVER__+0xc
C  [CoreFoundation+0x9d49b]  _CFXRegistrationPost+0x1ab
C  [CoreFoundation+0x9d202]  ___CFXNotificationPost_block_invoke+0x32
C  [CoreFoundation+0x5a903]  -[_CFXNotificationRegistrar find:object:observer:enumerator:]+0x723
C  [CoreFoundation+0x5993c]  _CFXNotificationPost+0x25c
C  [Foundation+0x70e3]  -[NSNotificationCenter postNotificationName:object:userInfo:]+0x42
C  [AppKit+0x3f01c6]  -[NSApplication _reactToScreenInvalidationImmediately:]+0x18f
C  [AppKit+0x3f0003]  __44-[NSApplication _reactToScreenInvalidation:]_block_invoke+0x3b
C  [CoreFoundation+0xa730c]  __CFRUNLOOP_IS_CALLING_OUT_TO_A_BLOCK__+0xc
C  [CoreFoundation+0x88384]  __CFRunLoopDoBlocks+0x164
C  [CoreFoundation+0x87ec6]  __CFRunLoopRun+0x756
C  [CoreFoundation+0x87514]  CFRunLoopRunSpecific+0x1a4
C  [java+0x6490]  CreateExecutionEnvironment+0x367
C  [java+0x221c]  JLI_Launch+0x7a0
C  [java+0x84ed]  main+0x65
C  [java+0x1a74]  start+0x34


---------------  P R O C E S S  ---------------

VM state:not at safepoint (normal execution)

VM Mutex/Monitor currently owned by a thread: None

Heap:
 PSYoungGen      total 65024K, used 40716K [0x00000007aab00000, 0x00000007af000000, 0x00000007c0000000)
  eden space 62464K, 61% used [0x00000007aab00000,0x00000007ad043c90,0x00000007ae800000)
  from space 2560K, 99% used [0x00000007aed80000,0x00000007aefff640,0x00000007af000000)
  to   space 2560K, 0% used [0x00000007aeb00000,0x00000007aeb00000,0x00000007aed80000)
 ParOldGen       total 110080K, used 71742K [0x0000000780000000, 0x0000000786b80000, 0x00000007aab00000)
  object space 110080K, 65% used [0x0000000780000000,0x000000078460fbf0,0x0000000786b80000)
 Metaspace       used 15139K, capacity 15828K, committed 16000K, reserved 1062912K
  class space    used 2182K, capacity 2360K, committed 2432K, reserved 1048576K

Card table byte_map: [0x0000000107729000,0x000000010792a000] byte_map_base: 0x0000000103b29000

Marking Bits: (ParMarkBitMap*) 0x0000000106cc27a0
 Begin Bits: [0x0000000116b63000, 0x0000000117b63000)
 End Bits:   [0x0000000117b63000, 0x0000000118b63000)

Polling page: 0x0000000105b08000

CodeCache: size=245760Kb used=6309Kb max_used=6309Kb free=239450Kb
 bounds [0x0000000107b63000, 0x0000000108193000, 0x0000000116b63000]
 total_blobs=2698 nmethods=2048 adapters=563
 compilation: enabled

Compilation events (10 events):
Event: 1080.217 Thread 0x00007ff53f838800 2046       1       javafx.scene.input.KeyCode::impl_getCode (5 bytes)
Event: 1080.217 Thread 0x00007ff53f838800 nmethod 2046 0x000000010817d910 code [0x000000010817da60, 0x000000010817db70]
Event: 1080.241 Thread 0x00007ff53f838800 2047       3       java.lang.invoke.DirectMethodHandle::shouldBeInitialized (123 bytes)
Event: 1080.242 Thread 0x00007ff53f838800 nmethod 2047 0x000000010818d3d0 code [0x000000010818d5a0, 0x000000010818dcc8]
Event: 1080.243 Thread 0x00007ff53f838800 2048       3       sun.misc.Unsafe::getAndAddInt (27 bytes)
Event: 1080.244 Thread 0x00007ff53f838800 nmethod 2048 0x000000010818e190 code [0x000000010818e300, 0x000000010818e510]
Event: 1080.245 Thread 0x00007ff53f838800 2050       3       jdk.internal.org.objectweb.asm.MethodWriter::visitTypeInsn (110 bytes)
Event: 1080.246 Thread 0x00007ff53f838800 nmethod 2050 0x000000010818e5d0 code [0x000000010818e780, 0x000000010818ebc8]
Event: 1080.275 Thread 0x00007ff53f838800 2051       3       jdk.internal.org.objectweb.asm.MethodVisitor::visitVarInsn (17 bytes)
Event: 1080.276 Thread 0x00007ff53f838800 nmethod 2051 0x000000010818edd0 code [0x000000010818ef40, 0x000000010818f1a8]

GC Heap History (10 events):
Event: 1.119 GC heap before
{Heap before GC invocations=1 (full 0):
 PSYoungGen      total 18944K, used 16370K [0x00000007aab00000, 0x00000007ac000000, 0x00000007c0000000)
  eden space 16384K, 99% used [0x00000007aab00000,0x00000007abafc810,0x00000007abb00000)
  from space 2560K, 0% used [0x00000007abd80000,0x00000007abd80000,0x00000007ac000000)
  to   space 2560K, 0% used [0x00000007abb00000,0x00000007abb00000,0x00000007abd80000)
 ParOldGen       total 44032K, used 0K [0x0000000780000000, 0x0000000782b00000, 0x00000007aab00000)
  object space 44032K, 0% used [0x0000000780000000,0x0000000780000000,0x0000000782b00000)
 Metaspace       used 7076K, capacity 7376K, committed 7552K, reserved 1056768K
  class space    used 794K, capacity 886K, committed 896K, reserved 1048576K
Event: 1.177 GC heap after
Heap after GC invocations=1 (full 0):
 PSYoungGen      total 18944K, used 2558K [0x00000007aab00000, 0x00000007ad000000, 0x00000007c0000000)
  eden space 16384K, 0% used [0x00000007aab00000,0x00000007aab00000,0x00000007abb00000)
  from space 2560K, 99% used [0x00000007abb00000,0x00000007abd7f9a0,0x00000007abd80000)
  to   space 2560K, 0% used [0x00000007acd80000,0x00000007acd80000,0x00000007ad000000)
 ParOldGen       total 44032K, used 5815K [0x0000000780000000, 0x0000000782b00000, 0x00000007aab00000)
  object space 44032K, 13% used [0x0000000780000000,0x00000007805ade78,0x0000000782b00000)
 Metaspace       used 7076K, capacity 7376K, committed 7552K, reserved 1056768K
  class space    used 794K, capacity 886K, committed 896K, reserved 1048576K
}
Event: 1.195 GC heap before
{Heap before GC invocations=2 (full 0):
 PSYoungGen      total 18944K, used 18942K [0x00000007aab00000, 0x00000007ad000000, 0x00000007c0000000)
  eden space 16384K, 100% used [0x00000007aab00000,0x00000007abb00000,0x00000007abb00000)
  from space 2560K, 99% used [0x00000007abb00000,0x00000007abd7f9a0,0x00000007abd80000)
  to   space 2560K, 0% used [0x00000007acd80000,0x00000007acd80000,0x00000007ad000000)
 ParOldGen       total 44032K, used 5815K [0x0000000780000000, 0x0000000782b00000, 0x00000007aab00000)
  object space 44032K, 13% used [0x0000000780000000,0x00000007805ade78,0x0000000782b00000)
 Metaspace       used 7077K, capacity 7376K, committed 7552K, reserved 1056768K
  class space    used 794K, capacity 886K, committed 896K, reserved 1048576K
Event: 1.252 GC heap after
Heap after GC invocations=2 (full 0):
 PSYoungGen      total 35328K, used 2558K [0x00000007aab00000, 0x00000007ad000000, 0x00000007c0000000)
  eden space 32768K, 0% used [0x00000007aab00000,0x00000007aab00000,0x00000007acb00000)
  from space 2560K, 99% used [0x00000007acd80000,0x00000007acfff9a0,0x00000007ad000000)
  to   space 2560K, 0% used [0x00000007acb00000,0x00000007acb00000,0x00000007acd80000)
 ParOldGen       total 44032K, used 22130K [0x0000000780000000, 0x0000000782b00000, 0x00000007aab00000)
  object space 44032K, 50% used [0x0000000780000000,0x000000078159ca28,0x0000000782b00000)
 Metaspace       used 7077K, capacity 7376K, committed 7552K, reserved 1056768K
  class space    used 794K, capacity 886K, committed 896K, reserved 1048576K
}
Event: 1.325 GC heap before
{Heap before GC invocations=3 (full 0):
 PSYoungGen      total 35328K, used 35326K [0x00000007aab00000, 0x00000007ad000000, 0x00000007c0000000)
  eden space 32768K, 100% used [0x00000007aab00000,0x00000007acb00000,0x00000007acb00000)
  from space 2560K, 99% used [0x00000007acd80000,0x00000007acfff9a0,0x00000007ad000000)
  to   space 2560K, 0% used [0x00000007acb00000,0x00000007acb00000,0x00000007acd80000)
 ParOldGen       total 44032K, used 22130K [0x0000000780000000, 0x0000000782b00000, 0x00000007aab00000)
  object space 44032K, 50% used [0x0000000780000000,0x000000078159ca28,0x0000000782b00000)
 Metaspace       used 7097K, capacity 7376K, committed 7552K, reserved 1056768K
  class space    used 796K, capacity 886K, committed 896K, reserved 1048576K
Event: 1.405 GC heap after
Heap after GC invocations=3 (full 0):
 PSYoungGen      total 35328K, used 2547K [0x00000007aab00000, 0x00000007af000000, 0x00000007c0000000)
  eden space 32768K, 0% used [0x00000007aab00000,0x00000007aab00000,0x00000007acb00000)
  from space 2560K, 99% used [0x00000007acb00000,0x00000007acd7cc30,0x00000007acd80000)
  to   space 2560K, 0% used [0x00000007aed80000,0x00000007aed80000,0x00000007af000000)
 ParOldGen       total 54784K, used 54435K [0x0000000780000000, 0x0000000783580000, 0x00000007aab00000)
  object space 54784K, 99% used [0x0000000780000000,0x0000000783528ee8,0x0000000783580000)
 Metaspace       used 7097K, capacity 7376K, committed 7552K, reserved 1056768K
  class space    used 796K, capacity 886K, committed 896K, reserved 1048576K
}
Event: 1.405 GC heap before
{Heap before GC invocations=4 (full 1):
 PSYoungGen      total 35328K, used 2547K [0x00000007aab00000, 0x00000007af000000, 0x00000007c0000000)
  eden space 32768K, 0% used [0x00000007aab00000,0x00000007aab00000,0x00000007acb00000)
  from space 2560K, 99% used [0x00000007acb00000,0x00000007acd7cc30,0x00000007acd80000)
  to   space 2560K, 0% used [0x00000007aed80000,0x00000007aed80000,0x00000007af000000)
 ParOldGen       total 54784K, used 54435K [0x0000000780000000, 0x0000000783580000, 0x00000007aab00000)
  object space 54784K, 99% used [0x0000000780000000,0x0000000783528ee8,0x0000000783580000)
 Metaspace       used 7097K, capacity 7376K, committed 7552K, reserved 1056768K
  class space    used 796K, capacity 886K, committed 896K, reserved 1048576K
Event: 1.459 GC heap after
Heap after GC invocations=4 (full 1):
 PSYoungGen      total 35328K, used 2523K [0x00000007aab00000, 0x00000007af000000, 0x00000007c0000000)
  eden space 32768K, 0% used [0x00000007aab00000,0x00000007aab00000,0x00000007acb00000)
  from space 2560K, 98% used [0x00000007acb00000,0x00000007acd76e38,0x00000007acd80000)
  to   space 2560K, 0% used [0x00000007aed80000,0x00000007aed80000,0x00000007af000000)
 ParOldGen       total 110080K, used 54357K [0x0000000780000000, 0x0000000786b80000, 0x00000007aab00000)
  object space 110080K, 49% used [0x0000000780000000,0x0000000783515478,0x0000000786b80000)
 Metaspace       used 7097K, capacity 7376K, committed 7552K, reserved 1056768K
  class space    used 796K, capacity 886K, committed 896K, reserved 1048576K
}
Event: 3.057 GC heap before
{Heap before GC invocations=5 (full 1):
 PSYoungGen      total 35328K, used 35291K [0x00000007aab00000, 0x00000007af000000, 0x00000007c0000000)
  eden space 32768K, 100% used [0x00000007aab00000,0x00000007acb00000,0x00000007acb00000)
  from space 2560K, 98% used [0x00000007acb00000,0x00000007acd76e38,0x00000007acd80000)
  to   space 2560K, 0% used [0x00000007aed80000,0x00000007aed80000,0x00000007af000000)
 ParOldGen       total 110080K, used 54357K [0x0000000780000000, 0x0000000786b80000, 0x00000007aab00000)
  object space 110080K, 49% used [0x0000000780000000,0x0000000783515478,0x0000000786b80000)
 Metaspace       used 11305K, capacity 11720K, committed 12032K, reserved 1058816K
  class space    used 1571K, capacity 1706K, committed 1792K, reserved 1048576K
Event: 3.073 GC heap after
Heap after GC invocations=5 (full 1):
 PSYoungGen      total 65024K, used 2557K [0x00000007aab00000, 0x00000007af000000, 0x00000007c0000000)
  eden space 62464K, 0% used [0x00000007aab00000,0x00000007aab00000,0x00000007ae800000)
  from space 2560K, 99% used [0x00000007aed80000,0x00000007aefff640,0x00000007af000000)
  to   space 2560K, 0% used [0x00000007aeb00000,0x00000007aeb00000,0x00000007aed80000)
 ParOldGen       total 110080K, used 71742K [0x0000000780000000, 0x0000000786b80000, 0x00000007aab00000)
  object space 110080K, 65% used [0x0000000780000000,0x000000078460fbf0,0x0000000786b80000)
 Metaspace       used 11305K, capacity 11720K, committed 12032K, reserved 1058816K
  class space    used 1571K, capacity 1706K, committed 1792K, reserved 1048576K
}

Deoptimization events (10 events):
Event: 3.145 Thread 0x00007ff540098000 Uncommon trap: reason=class_check action=maybe_recompile pc=0x0000000107e7fc04 method=java.io.DataInputStream.readShort()S @ 4
Event: 3.145 Thread 0x00007ff540098000 Uncommon trap: reason=class_check action=maybe_recompile pc=0x0000000107e7fc04 method=java.io.DataInputStream.readShort()S @ 4
Event: 3.223 Thread 0x00007ff540098000 Uncommon trap: reason=unstable_if action=reinterpret pc=0x0000000107eb0bf4 method=java.util.HashMap.putVal(ILjava/lang/Object;Ljava/lang/Object;ZZ)Ljava/lang/Object; @ 193
Event: 3.225 Thread 0x00007ff540098000 Uncommon trap: reason=unstable_if action=reinterpret pc=0x0000000107e50230 method=java.lang.String.replace(CC)Ljava/lang/String; @ 26
Event: 3.238 Thread 0x00007ff540098000 Uncommon trap: reason=class_check action=maybe_recompile pc=0x0000000107c8d15c method=java.lang.String.equals(Ljava/lang/Object;)Z @ 8
Event: 3.238 Thread 0x00007ff540098000 Uncommon trap: reason=class_check action=maybe_recompile pc=0x0000000107c8d15c method=java.lang.String.equals(Ljava/lang/Object;)Z @ 8
Event: 3.238 Thread 0x00007ff540098000 Uncommon trap: reason=class_check action=maybe_recompile pc=0x0000000107c8d15c method=java.lang.String.equals(Ljava/lang/Object;)Z @ 8
Event: 3.239 Thread 0x00007ff540098000 Uncommon trap: reason=class_check action=maybe_recompile pc=0x0000000107c8d15c method=java.lang.String.equals(Ljava/lang/Object;)Z @ 8
Event: 3.910 Thread 0x00007ff540098000 Uncommon trap: reason=unstable_if action=reinterpret pc=0x0000000107f46634 method=jdk.internal.org.objectweb.asm.Type.getArgumentsAndReturnSizes(Ljava/lang/String;)I @ 47
Event: 10.217 Thread 0x00007ff540098000 Uncommon trap: reason=unstable_if action=reinterpret pc=0x00000001080d9038 method=main.java.edu.calpoly.cpe305.wenmin.ParkingApplication.LinkedList.isEmpty()Z @ 6

Internal exceptions (10 events):
Event: 0.361 Thread 0x00007ff53f802000 Exception <a 'java/lang/NoSuchFieldError': method resolution failed> (0x00000007aada0bd8) thrown at [/Users/java_re/workspace/8-2-build-macosx-x86_64/jdk8u40/3153/hotspot/src/share/vm/prims/methodHandles.cpp, line 1125]
Event: 0.375 Thread 0x00007ff53f802000 Exception <a 'java/lang/NoSuchFieldError': method resolution failed> (0x00000007aadaf2a8) thrown at [/Users/java_re/workspace/8-2-build-macosx-x86_64/jdk8u40/3153/hotspot/src/share/vm/prims/methodHandles.cpp, line 1125]
Event: 0.420 Thread 0x00007ff53f802000 Exception <a 'java/security/PrivilegedActionException'> (0x00000007aae3b8e0) thrown at [/Users/java_re/workspace/8-2-build-macosx-x86_64/jdk8u40/3153/hotspot/src/share/vm/prims/jvm.cpp, line 1382]
Event: 0.421 Thread 0x00007ff53f802000 Exception <a 'java/security/PrivilegedActionException'> (0x00000007aae3ba98) thrown at [/Users/java_re/workspace/8-2-build-macosx-x86_64/jdk8u40/3153/hotspot/src/share/vm/prims/jvm.cpp, line 1382]
Event: 0.421 Thread 0x00007ff53f802000 Exception <a 'java/security/PrivilegedActionException'> (0x00000007aae3ec88) thrown at [/Users/java_re/workspace/8-2-build-macosx-x86_64/jdk8u40/3153/hotspot/src/share/vm/prims/jvm.cpp, line 1382]
Event: 0.421 Thread 0x00007ff53f802000 Exception <a 'java/security/PrivilegedActionException'> (0x00000007aae3ee40) thrown at [/Users/java_re/workspace/8-2-build-macosx-x86_64/jdk8u40/3153/hotspot/src/share/vm/prims/jvm.cpp, line 1382]
Event: 0.421 Thread 0x00007ff53f802000 Exception <a 'java/lang/NullPointerException'> (0x00000007aae40760) thrown at [/Users/java_re/workspace/8-2-build-macosx-x86_64/jdk8u40/3153/hotspot/src/share/vm/interpreter/linkResolver.cpp, line 1178]
Event: 2.052 Thread 0x00007ff540098000 Exception <a 'java/lang/NullPointerException'> (0x00000007ac21a3e8) thrown at [/Users/java_re/workspace/8-2-build-macosx-x86_64/jdk8u40/3153/hotspot/src/share/vm/interpreter/linkResolver.cpp, line 1178]
Event: 2.052 Thread 0x00007ff540098000 Exception <a 'java/lang/NullPointerException'> (0x00000007ac21a3e8) thrown at [/Users/java_re/workspace/8-2-build-macosx-x86_64/jdk8u40/3153/hotspot/src/share/vm/prims/jvm.cpp, line 1386]
Event: 10.217 Thread 0x00007ff540098000 Implicit null exception at 0x00000001080d8fd0 to 0x00000001080d9025

Events (10 events):
Event: 1080.294 loading class com/sun/javafx/tk/quantum/QuantumRenderer done
Event: 1080.296 loading class com/sun/javafx/tk/quantum/QuantumToolkit
Event: 1080.296 loading class com/sun/javafx/tk/quantum/QuantumToolkit done
Event: 1080.296 Thread 0x00007ff5408be800 Thread exited: 0x00007ff5408be800
Event: 1080.296 Thread 0x00007ff540139000 Thread exited: 0x00007ff540139000
Event: 1080.297 Thread 0x00007ff540098000 Thread exited: 0x00007ff540098000
Event: 1080.297 Thread 0x00007ff53f802000 Thread exited: 0x00007ff53f802000
Event: 1080.298 Thread 0x00007ff53f078800 Thread added: 0x00007ff53f078800
Event: 1080.298 loading class java/util/IdentityHashMap$KeySet
Event: 1080.298 loading class java/util/IdentityHashMap$KeySet done


Dynamic libraries:
0x000000005eb43000 	/System/Library/Frameworks/Cocoa.framework/Versions/A/Cocoa
0x000000005eb43000 	/System/Library/Frameworks/Security.framework/Versions/A/Security
0x000000005eb43000 	/System/Library/Frameworks/ApplicationServices.framework/Versions/A/ApplicationServices
0x000000005eb43000 	/usr/lib/libz.1.dylib
0x000000005eb43000 	/usr/lib/libSystem.B.dylib
0x000000005eb43000 	/usr/lib/libobjc.A.dylib
0x000000005eb43000 	/System/Library/Frameworks/CoreFoundation.framework/Versions/A/CoreFoundation
0x000000005eb43000 	/System/Library/Frameworks/Foundation.framework/Versions/C/Foundation
0x000000005eb43000 	/System/Library/Frameworks/AppKit.framework/Versions/C/AppKit
0x000000005eb43000 	/System/Library/Frameworks/CoreData.framework/Versions/A/CoreData
0x000000005eb43000 	/System/Library/PrivateFrameworks/RemoteViewServices.framework/Versions/A/RemoteViewServices
0x000000005eb43000 	/System/Library/PrivateFrameworks/UIFoundation.framework/Versions/A/UIFoundation
0x000000005eb43000 	/usr/lib/libenergytrace.dylib
0x000000005eb43000 	/System/Library/PrivateFrameworks/SkyLight.framework/Versions/A/SkyLight
0x000000005eb43000 	/System/Library/Frameworks/CoreGraphics.framework/Versions/A/CoreGraphics
0x000000005eb43000 	/usr/lib/libScreenReader.dylib
0x000000005eb43000 	/System/Library/Frameworks/Accelerate.framework/Versions/A/Accelerate
0x000000005eb43000 	/System/Library/Frameworks/IOSurface.framework/Versions/A/IOSurface
0x000000005eb43000 	/System/Library/Frameworks/AudioToolbox.framework/Versions/A/AudioToolbox
0x000000005eb43000 	/System/Library/Frameworks/AudioUnit.framework/Versions/A/AudioUnit
0x000000005eb43000 	/System/Library/PrivateFrameworks/DataDetectorsCore.framework/Versions/A/DataDetectorsCore
0x000000005eb43000 	/System/Library/PrivateFrameworks/DesktopServicesPriv.framework/Versions/A/DesktopServicesPriv
0x000000005eb43000 	/System/Library/Frameworks/Carbon.framework/Versions/A/Frameworks/HIToolbox.framework/Versions/A/HIToolbox
0x000000005eb43000 	/usr/lib/libicucore.A.dylib
0x000000005eb43000 	/System/Library/Frameworks/QuartzCore.framework/Versions/A/QuartzCore
0x000000005eb43000 	/System/Library/Frameworks/Carbon.framework/Versions/A/Frameworks/SpeechRecognition.framework/Versions/A/SpeechRecognition
0x000000005eb43000 	/usr/lib/libauto.dylib
0x000000005eb43000 	/usr/lib/libxml2.2.dylib
0x000000005eb43000 	/System/Library/PrivateFrameworks/CoreUI.framework/Versions/A/CoreUI
0x000000005eb43000 	/System/Library/Frameworks/CoreAudio.framework/Versions/A/CoreAudio
0x000000005eb43000 	/System/Library/Frameworks/DiskArbitration.framework/Versions/A/DiskArbitration
0x000000005eb43000 	/usr/lib/liblangid.dylib
0x000000005eb43000 	/System/Library/PrivateFrameworks/MultitouchSupport.framework/Versions/A/MultitouchSupport
0x000000005eb43000 	/System/Library/Frameworks/IOKit.framework/Versions/A/IOKit
0x000000005eb43000 	/usr/lib/libDiagnosticMessagesClient.dylib
0x000000005eb43000 	/System/Library/Frameworks/CoreServices.framework/Versions/A/CoreServices
0x000000005eb43000 	/System/Library/PrivateFrameworks/PerformanceAnalysis.framework/Versions/A/PerformanceAnalysis
0x000000005eb43000 	/System/Library/PrivateFrameworks/GenerationalStorage.framework/Versions/A/GenerationalStorage
0x000000005eb43000 	/System/Library/Frameworks/OpenGL.framework/Versions/A/OpenGL
0x000000005eb43000 	/System/Library/Frameworks/CoreImage.framework/Versions/A/CoreImage
0x000000005eb43000 	/System/Library/Frameworks/CoreText.framework/Versions/A/CoreText
0x000000005eb43000 	/System/Library/Frameworks/ImageIO.framework/Versions/A/ImageIO
0x000000005eb43000 	/System/Library/PrivateFrameworks/Backup.framework/Versions/A/Backup
0x000000005eb43000 	/usr/lib/libarchive.2.dylib
0x000000005eb43000 	/System/Library/Frameworks/CFNetwork.framework/Versions/A/CFNetwork
0x000000005eb43000 	/System/Library/Frameworks/SystemConfiguration.framework/Versions/A/SystemConfiguration
0x000000005eb43000 	/usr/lib/libCRFSuite.dylib
0x000000005eb43000 	/usr/lib/libc++.1.dylib
0x000000005eb43000 	/usr/lib/libc++abi.dylib
0x000000005eb43000 	/usr/lib/system/libcache.dylib
0x000000005eb43000 	/usr/lib/system/libcommonCrypto.dylib
0x000000005eb43000 	/usr/lib/system/libcompiler_rt.dylib
0x000000005eb43000 	/usr/lib/system/libcopyfile.dylib
0x000000005eb43000 	/usr/lib/system/libcorecrypto.dylib
0x000000005eb43000 	/usr/lib/system/libdispatch.dylib
0x000000005eb43000 	/usr/lib/system/libdyld.dylib
0x000000005eb43000 	/usr/lib/system/libkeymgr.dylib
0x000000005eb43000 	/usr/lib/system/liblaunch.dylib
0x000000005eb43000 	/usr/lib/system/libmacho.dylib
0x000000005eb43000 	/usr/lib/system/libquarantine.dylib
0x000000005eb43000 	/usr/lib/system/libremovefile.dylib
0x000000005eb43000 	/usr/lib/system/libsystem_asl.dylib
0x000000005eb43000 	/usr/lib/system/libsystem_blocks.dylib
0x000000005eb43000 	/usr/lib/system/libsystem_c.dylib
0x000000005eb43000 	/usr/lib/system/libsystem_configuration.dylib
0x000000005eb43000 	/usr/lib/system/libsystem_coreservices.dylib
0x000000005eb43000 	/usr/lib/system/libsystem_coretls.dylib
0x000000005eb43000 	/usr/lib/system/libsystem_dnssd.dylib
0x000000005eb43000 	/usr/lib/system/libsystem_info.dylib
0x000000005eb43000 	/usr/lib/system/libsystem_kernel.dylib
0x000000005eb43000 	/usr/lib/system/libsystem_m.dylib
0x000000005eb43000 	/usr/lib/system/libsystem_malloc.dylib
0x000000005eb43000 	/usr/lib/system/libsystem_network.dylib
0x000000005eb43000 	/usr/lib/system/libsystem_networkextension.dylib
0x000000005eb43000 	/usr/lib/system/libsystem_notify.dylib
0x000000005eb43000 	/usr/lib/system/libsystem_platform.dylib
0x000000005eb43000 	/usr/lib/system/libsystem_pthread.dylib
0x000000005eb43000 	/usr/lib/system/libsystem_sandbox.dylib
0x000000005eb43000 	/usr/lib/system/libsystem_secinit.dylib
0x000000005eb43000 	/usr/lib/system/libsystem_symptoms.dylib
0x000000005eb43000 	/usr/lib/system/libsystem_trace.dylib
0x000000005eb43000 	/usr/lib/system/libunwind.dylib
0x000000005eb43000 	/usr/lib/system/libxpc.dylib
0x000000005eb43000 	/usr/lib/libbsm.0.dylib
0x000000005eb43000 	/usr/lib/system/libkxld.dylib
0x000000005eb43000 	/usr/lib/libcoretls.dylib
0x000000005eb43000 	/usr/lib/libcoretls_cfhelpers.dylib
0x000000005eb43000 	/usr/lib/libxar.1.dylib
0x000000005eb43000 	/usr/lib/libsqlite3.dylib
0x000000005eb43000 	/usr/lib/libpam.2.dylib
0x000000005eb43000 	/usr/lib/libOpenScriptingUtil.dylib
0x000000005eb43000 	/usr/lib/libbz2.1.0.dylib
0x000000005eb43000 	/usr/lib/liblzma.5.dylib
0x000000005eb43000 	/usr/lib/libnetwork.dylib
0x000000005eb43000 	/usr/lib/libpcap.A.dylib
0x000000005eb43000 	/System/Library/Frameworks/CoreServices.framework/Versions/A/Frameworks/FSEvents.framework/Versions/A/FSEvents
0x000000005eb43000 	/System/Library/Frameworks/CoreServices.framework/Versions/A/Frameworks/CarbonCore.framework/Versions/A/CarbonCore
0x000000005eb43000 	/System/Library/Frameworks/CoreServices.framework/Versions/A/Frameworks/Metadata.framework/Versions/A/Metadata
0x000000005eb43000 	/System/Library/Frameworks/CoreServices.framework/Versions/A/Frameworks/OSServices.framework/Versions/A/OSServices
0x000000005eb43000 	/System/Library/Frameworks/CoreServices.framework/Versions/A/Frameworks/SearchKit.framework/Versions/A/SearchKit
0x000000005eb43000 	/System/Library/Frameworks/CoreServices.framework/Versions/A/Frameworks/AE.framework/Versions/A/AE
0x000000005eb43000 	/System/Library/Frameworks/CoreServices.framework/Versions/A/Frameworks/LaunchServices.framework/Versions/A/LaunchServices
0x000000005eb43000 	/System/Library/Frameworks/CoreServices.framework/Versions/A/Frameworks/DictionaryServices.framework/Versions/A/DictionaryServices
0x000000005eb43000 	/System/Library/Frameworks/CoreServices.framework/Versions/A/Frameworks/SharedFileList.framework/Versions/A/SharedFileList
0x000000005eb43000 	/System/Library/Frameworks/NetFS.framework/Versions/A/NetFS
0x000000005eb43000 	/System/Library/PrivateFrameworks/NetAuth.framework/Versions/A/NetAuth
0x000000005eb43000 	/System/Library/PrivateFrameworks/login.framework/Versions/A/Frameworks/loginsupport.framework/Versions/A/loginsupport
0x000000005eb43000 	/System/Library/PrivateFrameworks/TCC.framework/Versions/A/TCC
0x000000005eb43000 	/usr/lib/libmecabra.dylib
0x000000005eb43000 	/System/Library/Frameworks/ApplicationServices.framework/Versions/A/Frameworks/ATS.framework/Versions/A/ATS
0x000000005eb43000 	/System/Library/Frameworks/ApplicationServices.framework/Versions/A/Frameworks/ColorSync.framework/Versions/A/ColorSync
0x000000005eb43000 	/System/Library/Frameworks/ApplicationServices.framework/Versions/A/Frameworks/HIServices.framework/Versions/A/HIServices
0x000000005eb43000 	/System/Library/Frameworks/ApplicationServices.framework/Versions/A/Frameworks/LangAnalysis.framework/Versions/A/LangAnalysis
0x000000005eb43000 	/System/Library/Frameworks/ApplicationServices.framework/Versions/A/Frameworks/PrintCore.framework/Versions/A/PrintCore
0x000000005eb43000 	/System/Library/Frameworks/ApplicationServices.framework/Versions/A/Frameworks/QD.framework/Versions/A/QD
0x000000005eb43000 	/System/Library/Frameworks/ApplicationServices.framework/Versions/A/Frameworks/SpeechSynthesis.framework/Versions/A/SpeechSynthesis
0x000000005eb43000 	/System/Library/Frameworks/Accelerate.framework/Versions/A/Frameworks/vImage.framework/Versions/A/vImage
0x000000005eb43000 	/System/Library/Frameworks/Accelerate.framework/Versions/A/Frameworks/vecLib.framework/Versions/A/vecLib
0x000000005eb43000 	/System/Library/Frameworks/Accelerate.framework/Versions/A/Frameworks/vecLib.framework/Versions/A/libvDSP.dylib
0x000000005eb43000 	/System/Library/Frameworks/Accelerate.framework/Versions/A/Frameworks/vecLib.framework/Versions/A/libBNNS.dylib
0x000000005eb43000 	/System/Library/Frameworks/Accelerate.framework/Versions/A/Frameworks/vecLib.framework/Versions/A/libQuadrature.dylib
0x000000005eb43000 	/System/Library/Frameworks/Accelerate.framework/Versions/A/Frameworks/vecLib.framework/Versions/A/libvMisc.dylib
0x000000005eb43000 	/System/Library/Frameworks/Accelerate.framework/Versions/A/Frameworks/vecLib.framework/Versions/A/libLAPACK.dylib
0x000000005eb43000 	/System/Library/Frameworks/Accelerate.framework/Versions/A/Frameworks/vecLib.framework/Versions/A/libBLAS.dylib
0x000000005eb43000 	/System/Library/Frameworks/Accelerate.framework/Versions/A/Frameworks/vecLib.framework/Versions/A/libLinearAlgebra.dylib
0x000000005eb43000 	/System/Library/Frameworks/Accelerate.framework/Versions/A/Frameworks/vecLib.framework/Versions/A/libSparseBLAS.dylib
0x000000005eb43000 	/System/Library/Frameworks/ApplicationServices.framework/Versions/A/Frameworks/ATS.framework/Versions/A/Resources/libFontParser.dylib
0x000000005eb43000 	/System/Library/Frameworks/ApplicationServices.framework/Versions/A/Frameworks/ATS.framework/Versions/A/Resources/libFontRegistry.dylib
0x000000005eb43000 	/System/Library/Frameworks/ImageIO.framework/Versions/A/Resources/libJPEG.dylib
0x000000005eb43000 	/System/Library/Frameworks/ImageIO.framework/Versions/A/Resources/libTIFF.dylib
0x000000005eb43000 	/System/Library/Frameworks/ImageIO.framework/Versions/A/Resources/libPng.dylib
0x000000005eb43000 	/System/Library/Frameworks/ImageIO.framework/Versions/A/Resources/libGIF.dylib
0x000000005eb43000 	/System/Library/Frameworks/ImageIO.framework/Versions/A/Resources/libJP2.dylib
0x000000005eb43000 	/System/Library/Frameworks/ImageIO.framework/Versions/A/Resources/libRadiance.dylib
0x000000005eb43000 	/usr/lib/libcompression.dylib
0x000000005eb43000 	/System/Library/PrivateFrameworks/AppleJPEG.framework/Versions/A/AppleJPEG
0x000000005eb43000 	/usr/lib/libcups.2.dylib
0x000000005eb43000 	/System/Library/Frameworks/Kerberos.framework/Versions/A/Kerberos
0x000000005eb43000 	/System/Library/Frameworks/GSS.framework/Versions/A/GSS
0x000000005eb43000 	/usr/lib/libresolv.9.dylib
0x000000005eb43000 	/usr/lib/libiconv.2.dylib
0x000000005eb43000 	/System/Library/PrivateFrameworks/Heimdal.framework/Versions/A/Heimdal
0x000000005eb43000 	/usr/lib/libheimdal-asn1.dylib
0x000000005eb43000 	/System/Library/Frameworks/OpenDirectory.framework/Versions/A/OpenDirectory
0x000000005eb43000 	/System/Library/PrivateFrameworks/CommonAuth.framework/Versions/A/CommonAuth
0x000000005eb43000 	/System/Library/Frameworks/OpenDirectory.framework/Versions/A/Frameworks/CFOpenDirectory.framework/Versions/A/CFOpenDirectory
0x000000005eb43000 	/System/Library/Frameworks/SecurityFoundation.framework/Versions/A/SecurityFoundation
0x000000005eb43000 	/System/Library/PrivateFrameworks/LanguageModeling.framework/Versions/A/LanguageModeling
0x000000005eb43000 	/usr/lib/libmarisa.dylib
0x000000005eb43000 	/usr/lib/libChineseTokenizer.dylib
0x000000005eb43000 	/usr/lib/libcmph.dylib
0x000000005eb43000 	/System/Library/PrivateFrameworks/CoreEmoji.framework/Versions/A/CoreEmoji
0x000000005eb43000 	/System/Library/Frameworks/ServiceManagement.framework/Versions/A/ServiceManagement
0x000000005eb43000 	/usr/lib/libxslt.1.dylib
0x000000005eb43000 	/System/Library/Frameworks/Carbon.framework/Versions/A/Frameworks/Ink.framework/Versions/A/Ink
0x000000005eb43000 	/System/Library/PrivateFrameworks/TextureIO.framework/Versions/A/TextureIO
0x000000005eb43000 	/System/Library/Frameworks/Metal.framework/Versions/A/Metal
0x000000005eb43000 	/usr/lib/libate.dylib
0x000000005eb43000 	/System/Library/PrivateFrameworks/GPUCompiler.framework/libmetal_timestamp.dylib
0x000000005eb43000 	/System/Library/Frameworks/OpenGL.framework/Versions/A/Libraries/libCoreFSCache.dylib
0x000000005eb43000 	/System/Library/PrivateFrameworks/IOAccelerator.framework/Versions/A/IOAccelerator
0x000000005eb43000 	/System/Library/Frameworks/CoreVideo.framework/Versions/A/CoreVideo
0x000000005eb43000 	/usr/lib/libFosl_dynamic.dylib
0x000000005eb43000 	/System/Library/PrivateFrameworks/MetalPerformanceShaders.framework/Versions/A/MetalPerformanceShaders
0x000000005eb43000 	/System/Library/PrivateFrameworks/FaceCore.framework/Versions/A/FaceCore
0x000000005eb43000 	/System/Library/Frameworks/OpenCL.framework/Versions/A/OpenCL
0x000000005eb43000 	/System/Library/Frameworks/OpenGL.framework/Versions/A/Libraries/libGLU.dylib
0x000000005eb43000 	/System/Library/Frameworks/OpenGL.framework/Versions/A/Libraries/libGFXShared.dylib
0x000000005eb43000 	/System/Library/Frameworks/OpenGL.framework/Versions/A/Libraries/libGL.dylib
0x000000005eb43000 	/System/Library/Frameworks/OpenGL.framework/Versions/A/Libraries/libGLImage.dylib
0x000000005eb43000 	/System/Library/Frameworks/OpenGL.framework/Versions/A/Libraries/libCVMSPluginSupport.dylib
0x000000005eb43000 	/System/Library/Frameworks/OpenGL.framework/Versions/A/Libraries/libCoreVMClient.dylib
0x000000005eb43000 	/System/Library/PrivateFrameworks/CrashReporterSupport.framework/Versions/A/CrashReporterSupport
0x000000005eb43000 	/System/Library/PrivateFrameworks/Sharing.framework/Versions/A/Sharing
0x000000005eb43000 	/System/Library/PrivateFrameworks/IconServices.framework/Versions/A/IconServices
0x000000005eb43000 	/System/Library/PrivateFrameworks/ProtocolBuffer.framework/Versions/A/ProtocolBuffer
0x000000005eb43000 	/System/Library/PrivateFrameworks/Apple80211.framework/Versions/A/Apple80211
0x000000005eb43000 	/System/Library/Frameworks/CoreWLAN.framework/Versions/A/CoreWLAN
0x000000005eb43000 	/System/Library/PrivateFrameworks/CoreUtils.framework/Versions/A/CoreUtils
0x000000005eb43000 	/System/Library/Frameworks/IOBluetooth.framework/Versions/A/IOBluetooth
0x000000005eb43000 	/System/Library/PrivateFrameworks/CoreWiFi.framework/Versions/A/CoreWiFi
0x000000005eb43000 	/System/Library/Frameworks/CoreBluetooth.framework/Versions/A/CoreBluetooth
0x000000005eb43000 	/System/Library/Frameworks/CoreDisplay.framework/Versions/A/CoreDisplay
0x000000005eb43000 	/System/Library/PrivateFrameworks/IOPresentment.framework/Versions/A/IOPresentment
0x000000005eb43000 	/System/Library/PrivateFrameworks/DebugSymbols.framework/Versions/A/DebugSymbols
0x000000005eb43000 	/System/Library/PrivateFrameworks/CoreSymbolication.framework/Versions/A/CoreSymbolication
0x000000005eb43000 	/System/Library/PrivateFrameworks/Symbolication.framework/Versions/A/Symbolication
0x000000005eb43000 	/System/Library/PrivateFrameworks/AppleFSCompression.framework/Versions/A/AppleFSCompression
0x000000005eb43000 	/System/Library/PrivateFrameworks/SpeechRecognitionCore.framework/Versions/A/SpeechRecognitionCore
0x000000005eb43000 	/System/Library/PrivateFrameworks/ChunkingLibrary.framework/Versions/A/ChunkingLibrary
0x0000000106400000 	/Library/Java/JavaVirtualMachines/jdk1.8.0_40.jdk/Contents/Home/jre/lib/server/libjvm.dylib
0x000000005eb43000 	/usr/lib/libstdc++.6.dylib
0x0000000105ac5000 	/Library/Java/JavaVirtualMachines/jdk1.8.0_40.jdk/Contents/Home/jre/lib/libverify.dylib
0x0000000105ad3000 	/Library/Java/JavaVirtualMachines/jdk1.8.0_40.jdk/Contents/Home/jre/lib/libjava.dylib
0x0000000105b12000 	/Library/Java/JavaVirtualMachines/jdk1.8.0_40.jdk/Contents/Home/jre/lib/libzip.dylib
0x000000011a71d000 	/System/Library/Frameworks/JavaVM.framework/Frameworks/JavaRuntimeSupport.framework/JavaRuntimeSupport
0x000000011a737000 	/System/Library/Frameworks/JavaVM.framework/Versions/A/Frameworks/JavaNativeFoundation.framework/Versions/A/JavaNativeFoundation
0x0000000105bf3000 	/System/Library/Frameworks/JavaVM.framework/Versions/A/JavaVM
0x000000005eb43000 	/System/Library/Frameworks/Carbon.framework/Versions/A/Carbon
0x000000011a74c000 	/System/Library/PrivateFrameworks/JavaLaunching.framework/Versions/A/JavaLaunching
0x000000005eb43000 	/System/Library/Frameworks/Carbon.framework/Versions/A/Frameworks/CommonPanels.framework/Versions/A/CommonPanels
0x000000005eb43000 	/System/Library/Frameworks/Carbon.framework/Versions/A/Frameworks/Help.framework/Versions/A/Help
0x000000005eb43000 	/System/Library/Frameworks/Carbon.framework/Versions/A/Frameworks/ImageCapture.framework/Versions/A/ImageCapture
0x000000005eb43000 	/System/Library/Frameworks/Carbon.framework/Versions/A/Frameworks/OpenScripting.framework/Versions/A/OpenScripting
0x000000005eb43000 	/System/Library/Frameworks/Carbon.framework/Versions/A/Frameworks/Print.framework/Versions/A/Print
0x000000005eb43000 	/System/Library/Frameworks/Carbon.framework/Versions/A/Frameworks/SecurityHI.framework/Versions/A/SecurityHI
0x000000011c121000 	/Library/Java/JavaVirtualMachines/jdk1.8.0_40.jdk/Contents/Home/jre/lib/libprism_es2.dylib
0x000000005eb43000 	/System/Library/Frameworks/OpenGL.framework/Versions/A/Resources/GLEngine.bundle/GLEngine
0x000000005eb43000 	/System/Library/Frameworks/OpenGL.framework/Versions/A/Libraries/libGLProgrammability.dylib
0x000000011c187000 	/System/Library/Extensions/AppleIntelHD5000GraphicsGLDriver.bundle/Contents/MacOS/AppleIntelHD5000GraphicsGLDriver
0x000000005eb43000 	/System/Library/PrivateFrameworks/GPUSupport.framework/Versions/A/Libraries/libGPUSupportMercury.dylib
0x000000005eb43000 	/System/Library/Frameworks/OpenGL.framework/Versions/A/Resources/GLRendererFloat.bundle/GLRendererFloat
0x000000005eb43000 	/System/Library/Frameworks/OpenCL.framework/Versions/A/Libraries/libcldcpuengine.dylib
0x000000005eb43000 	/usr/lib/libcrypto.0.9.8.dylib
0x000000005eb43000 	/System/Library/PrivateFrameworks/TrustEvaluationAgent.framework/Versions/A/TrustEvaluationAgent
0x000000011cd39000 	/Library/Java/JavaVirtualMachines/jdk1.8.0_40.jdk/Contents/Home/jre/lib/libglass.dylib
0x000000005eb43000 	/System/Library/PrivateFrameworks/CoreServicesInternal.framework/Versions/A/CoreServicesInternal
0x000000005eb43000 	/System/Library/CoreServices/RawCamera.bundle/Contents/MacOS/RawCamera
0x000000005eb43000 	/System/Library/Frameworks/Accelerate.framework/Versions/A/Frameworks/vImage.framework/Versions/A/Libraries/libCGInterfaces.dylib
0x000000005eb43000 	/System/Library/PrivateFrameworks/FamilyControls.framework/Versions/A/FamilyControls
0x000000005eb43000 	/System/Library/PrivateFrameworks/CommerceKit.framework/Versions/A/Frameworks/CommerceCore.framework/Versions/A/CommerceCore
0x000000005eb43000 	/System/Library/PrivateFrameworks/SystemAdministration.framework/Versions/A/SystemAdministration
0x000000005eb43000 	/System/Library/PrivateFrameworks/AppContainer.framework/Versions/A/AppContainer
0x000000005eb43000 	/System/Library/PrivateFrameworks/SecCodeWrapper.framework/Versions/A/SecCodeWrapper
0x000000005eb43000 	/System/Library/Frameworks/DirectoryService.framework/Versions/A/DirectoryService
0x000000005eb43000 	/System/Library/PrivateFrameworks/DiskImages.framework/Versions/A/DiskImages
0x000000005eb43000 	/System/Library/PrivateFrameworks/LoginUIKit.framework/Versions/A/Frameworks/LoginUICore.framework/Versions/A/LoginUICore
0x000000005eb43000 	/usr/lib/libCoreStorage.dylib
0x000000005eb43000 	/usr/lib/libcsfde.dylib
0x000000005eb43000 	/usr/lib/libodfde.dylib
0x000000005eb43000 	/System/Library/Frameworks/DiscRecording.framework/Versions/A/DiscRecording
0x000000005eb43000 	/usr/lib/libcurl.4.dylib
0x000000005eb43000 	/System/Library/PrivateFrameworks/MediaKit.framework/Versions/A/MediaKit
0x000000005eb43000 	/System/Library/PrivateFrameworks/ProtectedCloudStorage.framework/Versions/A/ProtectedCloudStorage
0x000000005eb43000 	/System/Library/PrivateFrameworks/EFILogin.framework/Versions/A/EFILogin
0x000000005eb43000 	/usr/lib/libutil.dylib
0x000000005eb43000 	/System/Library/Frameworks/LDAP.framework/Versions/A/LDAP
0x000000005eb43000 	/usr/lib/libsasl2.2.dylib
0x000000005eb43000 	/System/Library/PrivateFrameworks/CoreDaemon.framework/Versions/B/CoreDaemon
0x000000005eb43000 	/System/Library/PrivateFrameworks/AppleSRP.framework/Versions/A/AppleSRP
0x000000005eb43000 	/System/Library/PrivateFrameworks/APFS.framework/Versions/A/APFS
0x000000011d100000 	/Library/Java/JavaVirtualMachines/jdk1.8.0_40.jdk/Contents/Home/jre/lib/libnet.dylib
0x000000011d117000 	/Library/Java/JavaVirtualMachines/jdk1.8.0_40.jdk/Contents/Home/jre/lib/libnio.dylib
0x000000005eb43000 	/System/Library/Frameworks/ApplicationServices.framework/Versions/A/Frameworks/ATS.framework/Versions/A/Resources/libTrueTypeScaler.dylib
0x00000001203e7000 	/System/Library/Extensions/AppleIntelHD5000GraphicsMTLDriver.bundle/Contents/MacOS/AppleIntelHD5000GraphicsMTLDriver
0x000000005eb43000 	/System/Library/PrivateFrameworks/ViewBridge.framework/Versions/A/ViewBridge
0x000000005eb43000 	/System/Library/PrivateFrameworks/XPCService.framework/Versions/A/XPCService
0x000000005eb43000 	/System/Library/PrivateFrameworks/AppSandbox.framework/Versions/A/AppSandbox
0x000000005eb43000 	/usr/lib/libsandbox.1.dylib
0x000000005eb43000 	/usr/lib/libMatch.1.dylib
0x00000001203dc000 	/Library/Java/JavaVirtualMachines/jdk1.8.0_40.jdk/Contents/Home/jre/lib/libjavafx_font.dylib
0x000000012182e000 	/Library/Java/JavaVirtualMachines/jdk1.8.0_40.jdk/Contents/Home/jre/lib/libprism_common.dylib

VM Arguments:
jvm_args: -Dfile.encoding=UTF-8 
java_command: main.java.edu.calpoly.cpe305.wenmin.ParkingApplication.FXDriver
java_class_path (initial): /Users/wenmin518/git/fall2016-project-wenmin518/target/classes:/Users/wenmin518/.p2/pool/plugins/org.junit_4.12.0.v201504281640/junit.jar:/Users/wenmin518/.p2/pool/plugins/org.hamcrest.core_1.3.0.v201303031735.jar:/Users/wenmin518/Desktop/CPE305/Json Jarfile/json-simple-1.1.1.jar:/Users/wenmin518/.m2/repository/com/googlecode/json-simple/json-simple/1.1.1/json-simple-1.1.1.jar
Launcher Type: SUN_STANDARD

Environment Variables:
PATH=/usr/bin:/bin:/usr/sbin:/sbin
SHELL=/bin/bash
DISPLAY=/private/tmp/com.apple.launchd.B3On7PHhCo/org.macosforge.xquartz:0

Signal Handlers:
SIGSEGV: [libjvm.dylib+0x58ef95], sa_mask[0]=11111111011111110111111111111111, sa_flags=SA_ONSTACK|SA_RESTART|SA_SIGINFO
SIGBUS: [libjvm.dylib+0x58ef95], sa_mask[0]=11111111011111110111111111111111, sa_flags=SA_RESTART|SA_SIGINFO
SIGFPE: [libjvm.dylib+0x46c118], sa_mask[0]=11111111011111110111111111111111, sa_flags=SA_RESTART|SA_SIGINFO
SIGPIPE: [libjvm.dylib+0x46c118], sa_mask[0]=11111111011111110111111111111111, sa_flags=SA_RESTART|SA_SIGINFO
SIGXFSZ: [libjvm.dylib+0x46c118], sa_mask[0]=11111111011111110111111111111111, sa_flags=SA_RESTART|SA_SIGINFO
SIGILL: [libjvm.dylib+0x46c118], sa_mask[0]=11111111011111110111111111111111, sa_flags=SA_RESTART|SA_SIGINFO
SIGUSR1: SIG_DFL, sa_mask[0]=00000000000000000000000000000000, sa_flags=none
SIGUSR2: [libjvm.dylib+0x46bc36], sa_mask[0]=00100000000000000000000000000000, sa_flags=SA_RESTART|SA_SIGINFO
SIGHUP: [libjvm.dylib+0x46a209], sa_mask[0]=11111111011111110111111111111111, sa_flags=SA_RESTART|SA_SIGINFO
SIGINT: [libjvm.dylib+0x46a209], sa_mask[0]=11111111011111110111111111111111, sa_flags=SA_RESTART|SA_SIGINFO
SIGTERM: [libjvm.dylib+0x46a209], sa_mask[0]=11111111011111110111111111111111, sa_flags=SA_RESTART|SA_SIGINFO
SIGQUIT: [libjvm.dylib+0x46a209], sa_mask[0]=11111111011111110111111111111111, sa_flags=SA_RESTART|SA_SIGINFO


---------------  S Y S T E M  ---------------

OS:Bsduname:Darwin 16.1.0 Darwin Kernel Version 16.1.0: Thu Oct 13 21:26:57 PDT 2016; root:xnu-3789.21.3~60/RELEASE_X86_64 x86_64
rlimit: STACK 8192k, CORE 0k, NPROC 709, NOFILE 10240, AS infinity
load average:2.68 2.85 2.69

CPU:total 4 (2 cores per cpu, 2 threads per core) family 6 model 69 stepping 1, cmov, cx8, fxsr, mmx, sse, sse2, sse3, ssse3, sse4.1, sse4.2, popcnt, avx, avx2, aes, clmul, erms, lzcnt, ht, tsc, tscinvbit, bmi1, bmi2

Memory: 4k page, physical 4194304k(267108k free)

/proc/meminfo:


vm_info: Java HotSpot(TM) 64-Bit Server VM (25.40-b25) for bsd-amd64 JRE (1.8.0_40-b27), built on Mar 13 2015 04:46:52 by "java_re" with gcc 4.2.1 (Based on Apple Inc. build 5658) (LLVM build 2336.11.00)

time: Fri Nov 25 12:09:16 2016
elapsed time: 1080 seconds (0d 0h 18m 0s)

